ARM GAS  /var/folders/8x/_y6g3dfs0698dfd49y4vcg_w0000gn/T//cc9Hff2g.s 			page 1


   1              		.cpu cortex-m3
   2              		.arch armv7-m
   3              		.fpu softvfp
   4              		.eabi_attribute 20, 1
   5              		.eabi_attribute 21, 1
   6              		.eabi_attribute 23, 3
   7              		.eabi_attribute 24, 1
   8              		.eabi_attribute 25, 1
   9              		.eabi_attribute 26, 1
  10              		.eabi_attribute 30, 1
  11              		.eabi_attribute 34, 1
  12              		.eabi_attribute 18, 4
  13              		.file	"main.c"
  14              		.text
  15              	.Ltext0:
  16              		.cfi_sections	.debug_frame
  17              		.file 1 "Core/Src/main.c"
  18              		.section	.text.__io_putchar,"ax",%progbits
  19              		.align	1
  20              		.global	__io_putchar
  21              		.syntax unified
  22              		.thumb
  23              		.thumb_func
  25              	__io_putchar:
  26              	.LVL0:
  27              	.LFB67:
   1:Core/Src/main.c **** /* USER CODE BEGIN Header */
   2:Core/Src/main.c **** /**
   3:Core/Src/main.c ****   ******************************************************************************
   4:Core/Src/main.c ****   * @file           : main.c
   5:Core/Src/main.c ****   * @brief          : Main program body
   6:Core/Src/main.c ****   ******************************************************************************
   7:Core/Src/main.c ****   * @attention
   8:Core/Src/main.c ****   *
   9:Core/Src/main.c ****   * Copyright (c) 2025 STMicroelectronics.
  10:Core/Src/main.c ****   * All rights reserved.
  11:Core/Src/main.c ****   *
  12:Core/Src/main.c ****   * This software is licensed under terms that can be found in the LICENSE file
  13:Core/Src/main.c ****   * in the root directory of this software component.
  14:Core/Src/main.c ****   * If no LICENSE file comes with this software, it is provided AS-IS.
  15:Core/Src/main.c ****   *
  16:Core/Src/main.c ****   ******************************************************************************
  17:Core/Src/main.c ****   */
  18:Core/Src/main.c **** /* USER CODE END Header */
  19:Core/Src/main.c **** /* Includes ------------------------------------------------------------------*/
  20:Core/Src/main.c **** #include "main.h"
  21:Core/Src/main.c **** #include "can.h"
  22:Core/Src/main.c **** #include "i2c.h"
  23:Core/Src/main.c **** #include "usart.h"
  24:Core/Src/main.c **** #include "usb.h"
  25:Core/Src/main.c **** #include "gpio.h"
  26:Core/Src/main.c **** 
  27:Core/Src/main.c **** /* Private includes ----------------------------------------------------------*/
  28:Core/Src/main.c **** /* USER CODE BEGIN Includes */
  29:Core/Src/main.c **** 
  30:Core/Src/main.c **** /* USER CODE END Includes */
  31:Core/Src/main.c **** 
ARM GAS  /var/folders/8x/_y6g3dfs0698dfd49y4vcg_w0000gn/T//cc9Hff2g.s 			page 2


  32:Core/Src/main.c **** /* Private typedef -----------------------------------------------------------*/
  33:Core/Src/main.c **** /* USER CODE BEGIN PTD */
  34:Core/Src/main.c **** 
  35:Core/Src/main.c **** /* USER CODE END PTD */
  36:Core/Src/main.c **** 
  37:Core/Src/main.c **** /* Private define ------------------------------------------------------------*/
  38:Core/Src/main.c **** /* USER CODE BEGIN PD */
  39:Core/Src/main.c **** 
  40:Core/Src/main.c **** /* USER CODE END PD */
  41:Core/Src/main.c **** 
  42:Core/Src/main.c **** /* Private macro -------------------------------------------------------------*/
  43:Core/Src/main.c **** /* USER CODE BEGIN PM */
  44:Core/Src/main.c **** 
  45:Core/Src/main.c **** /* USER CODE END PM */
  46:Core/Src/main.c **** 
  47:Core/Src/main.c **** /* Private variables ---------------------------------------------------------*/
  48:Core/Src/main.c **** 
  49:Core/Src/main.c **** /* USER CODE BEGIN PV */
  50:Core/Src/main.c **** 
  51:Core/Src/main.c **** 
  52:Core/Src/main.c **** 
  53:Core/Src/main.c **** CAN_TxHeaderTypeDef   TxHeader;
  54:Core/Src/main.c **** CAN_RxHeaderTypeDef   RxHeader; //CAN Bus Transmit Header
  55:Core/Src/main.c **** uint8_t               TxData[8];
  56:Core/Src/main.c **** uint32_t              TxMailbox;
  57:Core/Src/main.c **** CAN_FilterTypeDef canfil; //CAN Bus Filter
  58:Core/Src/main.c **** uint32_t canMailbox; //CAN Bus Mail box variable
  59:Core/Src/main.c **** 
  60:Core/Src/main.c **** uint8_t canRX[8] = {0x0,0x0,0x0,0x0,0x0,0x0,0x0,0x0};  //CAN Bus Receive Buffer
  61:Core/Src/main.c **** 
  62:Core/Src/main.c **** 
  63:Core/Src/main.c **** 
  64:Core/Src/main.c **** 
  65:Core/Src/main.c **** /* USER CODE END PV */
  66:Core/Src/main.c **** 
  67:Core/Src/main.c **** /* Private function prototypes -----------------------------------------------*/
  68:Core/Src/main.c **** void SystemClock_Config(void);
  69:Core/Src/main.c **** /* USER CODE BEGIN PFP */
  70:Core/Src/main.c **** #define PUTCHAR_PROTOTYPE int __io_putchar(int ch)
  71:Core/Src/main.c **** 
  72:Core/Src/main.c **** /* USER CODE END PFP */
  73:Core/Src/main.c **** 
  74:Core/Src/main.c **** /* Private user code ---------------------------------------------------------*/
  75:Core/Src/main.c **** /* USER CODE BEGIN 0 */
  76:Core/Src/main.c **** 
  77:Core/Src/main.c **** 
  78:Core/Src/main.c **** 
  79:Core/Src/main.c **** 
  80:Core/Src/main.c **** /* USER CODE END 0 */
  81:Core/Src/main.c **** 
  82:Core/Src/main.c **** /**
  83:Core/Src/main.c ****   * @brief  The application entry point.
  84:Core/Src/main.c ****   * @retval int
  85:Core/Src/main.c ****   */
  86:Core/Src/main.c **** int main(void)
  87:Core/Src/main.c **** {
  88:Core/Src/main.c **** 
ARM GAS  /var/folders/8x/_y6g3dfs0698dfd49y4vcg_w0000gn/T//cc9Hff2g.s 			page 3


  89:Core/Src/main.c ****   /* USER CODE BEGIN 1 */
  90:Core/Src/main.c **** 
  91:Core/Src/main.c ****   /* USER CODE END 1 */
  92:Core/Src/main.c **** 
  93:Core/Src/main.c ****   /* MCU Configuration--------------------------------------------------------*/
  94:Core/Src/main.c **** 
  95:Core/Src/main.c ****   /* Reset of all peripherals, Initializes the Flash interface and the Systick. */
  96:Core/Src/main.c ****   HAL_Init();
  97:Core/Src/main.c **** 
  98:Core/Src/main.c ****   /* USER CODE BEGIN Init */
  99:Core/Src/main.c **** 
 100:Core/Src/main.c ****   /* USER CODE END Init */
 101:Core/Src/main.c **** 
 102:Core/Src/main.c ****   /* Configure the system clock */
 103:Core/Src/main.c ****   SystemClock_Config();
 104:Core/Src/main.c **** 
 105:Core/Src/main.c ****   /* USER CODE BEGIN SysInit */
 106:Core/Src/main.c **** 
 107:Core/Src/main.c ****   /* USER CODE END SysInit */
 108:Core/Src/main.c **** 
 109:Core/Src/main.c ****   /* Initialize all configured peripherals */
 110:Core/Src/main.c ****   MX_GPIO_Init();
 111:Core/Src/main.c ****   MX_CAN_Init();
 112:Core/Src/main.c ****   MX_I2C1_Init();
 113:Core/Src/main.c ****   MX_USART1_UART_Init();
 114:Core/Src/main.c ****   MX_USB_PCD_Init();
 115:Core/Src/main.c ****   /* USER CODE BEGIN 2 */
 116:Core/Src/main.c **** 
 117:Core/Src/main.c ****   CAN_FilterTypeDef canfilterconfig;
 118:Core/Src/main.c **** 
 119:Core/Src/main.c **** 
 120:Core/Src/main.c ****   canfil.FilterBank = 0;
 121:Core/Src/main.c ****   canfil.FilterMode = CAN_FILTERMODE_IDMASK;
 122:Core/Src/main.c ****   canfil.FilterFIFOAssignment = CAN_RX_FIFO0;
 123:Core/Src/main.c ****   canfil.FilterIdHigh = 0;
 124:Core/Src/main.c ****   canfil.FilterIdLow = 0;
 125:Core/Src/main.c ****   canfil.FilterMaskIdHigh = 0;
 126:Core/Src/main.c ****   canfil.FilterMaskIdLow = 0;
 127:Core/Src/main.c ****   canfil.FilterScale = CAN_FILTERSCALE_32BIT;
 128:Core/Src/main.c ****   canfil.FilterActivation = ENABLE;
 129:Core/Src/main.c ****   canfil.SlaveStartFilterBank = 14;
 130:Core/Src/main.c **** 
 131:Core/Src/main.c ****   TxHeader.IDE = CAN_ID_STD;
 132:Core/Src/main.c ****   TxHeader.StdId = 0x446;
 133:Core/Src/main.c ****   TxHeader.RTR = CAN_RTR_DATA;
 134:Core/Src/main.c ****   TxHeader.DLC = 8;
 135:Core/Src/main.c **** 
 136:Core/Src/main.c ****   TxData[0] = 0x01;  
 137:Core/Src/main.c ****   TxData[1] = 0x02; 
 138:Core/Src/main.c ****   TxData[2] = 0x03; 
 139:Core/Src/main.c ****   TxData[3] = 0x04; 
 140:Core/Src/main.c ****   TxData[4] = 0x05; 
 141:Core/Src/main.c ****   TxData[5] = 0x06; 
 142:Core/Src/main.c ****   TxData[6] = 0x07; 
 143:Core/Src/main.c ****   TxData[7] = 0x08; 
 144:Core/Src/main.c **** 
 145:Core/Src/main.c ****   //char msg[] = "Hello, UART!\r\n";
ARM GAS  /var/folders/8x/_y6g3dfs0698dfd49y4vcg_w0000gn/T//cc9Hff2g.s 			page 4


 146:Core/Src/main.c **** 
 147:Core/Src/main.c ****   HAL_CAN_ConfigFilter(&hcan,&canfil);
 148:Core/Src/main.c ****   HAL_CAN_Start(&hcan);
 149:Core/Src/main.c ****   HAL_CAN_ActivateNotification(&hcan,CAN_IT_RX_FIFO0_MSG_PENDING);
 150:Core/Src/main.c **** 
 151:Core/Src/main.c ****   if (HAL_CAN_ActivateNotification(&hcan, CAN_IT_RX_FIFO0_MSG_PENDING) != HAL_OK)
 152:Core/Src/main.c ****   {
 153:Core/Src/main.c **** 	  Error_Handler();
 154:Core/Src/main.c ****   }
 155:Core/Src/main.c **** 
 156:Core/Src/main.c ****   /* USER CODE END 2 */
 157:Core/Src/main.c **** 
 158:Core/Src/main.c ****   /* Infinite loop */
 159:Core/Src/main.c ****   /* USER CODE BEGIN WHILE */
 160:Core/Src/main.c ****   while (1)
 161:Core/Src/main.c ****   {
 162:Core/Src/main.c ****     HAL_Delay(500);
 163:Core/Src/main.c ****     HAL_GPIO_TogglePin(USER_LED_GPIO_Port, USER_LED_Pin);
 164:Core/Src/main.c ****     
 165:Core/Src/main.c ****     // uint32_t free_mailboxes = HAL_CAN_GetTxMailboxesFreeLevel(&hcan);
 166:Core/Src/main.c ****     // printf("Free Mailboxes: %lu\n", free_mailboxes);
 167:Core/Src/main.c ****     
 168:Core/Src/main.c ****     if (HAL_CAN_AddTxMessage(&hcan, &TxHeader, TxData, &TxMailbox) != HAL_OK)
 169:Core/Src/main.c ****     {
 170:Core/Src/main.c ****       //Error_Handler ();
 171:Core/Src/main.c ****     }
 172:Core/Src/main.c **** 
 173:Core/Src/main.c ****     // if(HAL_CAN_IsTxMessagePending(&hcan, &canMailbox) != 0){
 174:Core/Src/main.c ****     //   printf("Full mailbox\r\n");
 175:Core/Src/main.c ****     // }
 176:Core/Src/main.c ****     // if (HAL_CAN_GetRxMessage(&hcan, CAN_RX_FIFO0, &RxHeader, canRX) == HAL_OK) {
 177:Core/Src/main.c ****     //   printf("received message\r");
 178:Core/Src/main.c ****     //   printf("Message length is %ld byte(s)\r\n", RxHeader.DLC);
 179:Core/Src/main.c ****     //   for (uint8_t i = 0; i < 8; i++) {
 180:Core/Src/main.c ****     //     printf("Byte %d: 0x%02X\r\n", i, canRX[i]);
 181:Core/Src/main.c ****     //   }
 182:Core/Src/main.c ****     // }
 183:Core/Src/main.c **** 
 184:Core/Src/main.c ****     /* USER CODE END WHILE */
 185:Core/Src/main.c **** 
 186:Core/Src/main.c ****     /* USER CODE BEGIN 3 */
 187:Core/Src/main.c ****   }
 188:Core/Src/main.c ****   /* USER CODE END 3 */
 189:Core/Src/main.c **** }
 190:Core/Src/main.c **** 
 191:Core/Src/main.c **** /**
 192:Core/Src/main.c ****   * @brief System Clock Configuration
 193:Core/Src/main.c ****   * @retval None
 194:Core/Src/main.c ****   */
 195:Core/Src/main.c **** void SystemClock_Config(void)
 196:Core/Src/main.c **** {
 197:Core/Src/main.c ****   RCC_OscInitTypeDef RCC_OscInitStruct = {0};
 198:Core/Src/main.c ****   RCC_ClkInitTypeDef RCC_ClkInitStruct = {0};
 199:Core/Src/main.c ****   RCC_PeriphCLKInitTypeDef PeriphClkInit = {0};
 200:Core/Src/main.c **** 
 201:Core/Src/main.c ****   /** Initializes the RCC Oscillators according to the specified parameters
 202:Core/Src/main.c ****   * in the RCC_OscInitTypeDef structure.
ARM GAS  /var/folders/8x/_y6g3dfs0698dfd49y4vcg_w0000gn/T//cc9Hff2g.s 			page 5


 203:Core/Src/main.c ****   */
 204:Core/Src/main.c ****   RCC_OscInitStruct.OscillatorType = RCC_OSCILLATORTYPE_HSE;
 205:Core/Src/main.c ****   RCC_OscInitStruct.HSEState = RCC_HSE_ON;
 206:Core/Src/main.c ****   RCC_OscInitStruct.HSEPredivValue = RCC_HSE_PREDIV_DIV2;
 207:Core/Src/main.c ****   RCC_OscInitStruct.HSIState = RCC_HSI_ON;
 208:Core/Src/main.c ****   RCC_OscInitStruct.PLL.PLLState = RCC_PLL_ON;
 209:Core/Src/main.c ****   RCC_OscInitStruct.PLL.PLLSource = RCC_PLLSOURCE_HSE;
 210:Core/Src/main.c ****   RCC_OscInitStruct.PLL.PLLMUL = RCC_PLL_MUL9;
 211:Core/Src/main.c ****   if (HAL_RCC_OscConfig(&RCC_OscInitStruct) != HAL_OK)
 212:Core/Src/main.c ****   {
 213:Core/Src/main.c ****     Error_Handler();
 214:Core/Src/main.c ****   }
 215:Core/Src/main.c **** 
 216:Core/Src/main.c ****   /** Initializes the CPU, AHB and APB buses clocks
 217:Core/Src/main.c ****   */
 218:Core/Src/main.c ****   RCC_ClkInitStruct.ClockType = RCC_CLOCKTYPE_HCLK|RCC_CLOCKTYPE_SYSCLK
 219:Core/Src/main.c ****                               |RCC_CLOCKTYPE_PCLK1|RCC_CLOCKTYPE_PCLK2;
 220:Core/Src/main.c ****   RCC_ClkInitStruct.SYSCLKSource = RCC_SYSCLKSOURCE_PLLCLK;
 221:Core/Src/main.c ****   RCC_ClkInitStruct.AHBCLKDivider = RCC_SYSCLK_DIV1;
 222:Core/Src/main.c ****   RCC_ClkInitStruct.APB1CLKDivider = RCC_HCLK_DIV2;
 223:Core/Src/main.c ****   RCC_ClkInitStruct.APB2CLKDivider = RCC_HCLK_DIV1;
 224:Core/Src/main.c **** 
 225:Core/Src/main.c ****   if (HAL_RCC_ClockConfig(&RCC_ClkInitStruct, FLASH_LATENCY_2) != HAL_OK)
 226:Core/Src/main.c ****   {
 227:Core/Src/main.c ****     Error_Handler();
 228:Core/Src/main.c ****   }
 229:Core/Src/main.c ****   PeriphClkInit.PeriphClockSelection = RCC_PERIPHCLK_USB;
 230:Core/Src/main.c ****   PeriphClkInit.UsbClockSelection = RCC_USBCLKSOURCE_PLL_DIV1_5;
 231:Core/Src/main.c ****   if (HAL_RCCEx_PeriphCLKConfig(&PeriphClkInit) != HAL_OK)
 232:Core/Src/main.c ****   {
 233:Core/Src/main.c ****     Error_Handler();
 234:Core/Src/main.c ****   }
 235:Core/Src/main.c **** }
 236:Core/Src/main.c **** 
 237:Core/Src/main.c **** /* USER CODE BEGIN 4 */
 238:Core/Src/main.c **** PUTCHAR_PROTOTYPE
 239:Core/Src/main.c **** {
  28              		.loc 1 239 1 view -0
  29              		.cfi_startproc
  30              		@ args = 0, pretend = 0, frame = 8
  31              		@ frame_needed = 0, uses_anonymous_args = 0
  32              		.loc 1 239 1 is_stmt 0 view .LVU1
  33 0000 00B5     		push	{lr}
  34              	.LCFI0:
  35              		.cfi_def_cfa_offset 4
  36              		.cfi_offset 14, -4
  37 0002 83B0     		sub	sp, sp, #12
  38              	.LCFI1:
  39              		.cfi_def_cfa_offset 16
  40 0004 0190     		str	r0, [sp, #4]
 240:Core/Src/main.c ****   /* Place your implementation of fputc here */
 241:Core/Src/main.c ****   /* e.g. write a character to the USART1 and Loop until the end of transmission */
 242:Core/Src/main.c ****   HAL_UART_Transmit(&huart1, (uint8_t *)&ch, 1, 0xFFFF);
  41              		.loc 1 242 3 is_stmt 1 view .LVU2
  42 0006 4FF6FF73 		movw	r3, #65535
  43 000a 0122     		movs	r2, #1
  44 000c 01A9     		add	r1, sp, #4
ARM GAS  /var/folders/8x/_y6g3dfs0698dfd49y4vcg_w0000gn/T//cc9Hff2g.s 			page 6


  45 000e 0348     		ldr	r0, .L3
  46              	.LVL1:
  47              		.loc 1 242 3 is_stmt 0 view .LVU3
  48 0010 FFF7FEFF 		bl	HAL_UART_Transmit
  49              	.LVL2:
 243:Core/Src/main.c **** 
 244:Core/Src/main.c ****   return ch;
  50              		.loc 1 244 3 is_stmt 1 view .LVU4
 245:Core/Src/main.c **** }
  51              		.loc 1 245 1 is_stmt 0 view .LVU5
  52 0014 0198     		ldr	r0, [sp, #4]
  53 0016 03B0     		add	sp, sp, #12
  54              	.LCFI2:
  55              		.cfi_def_cfa_offset 4
  56              		@ sp needed
  57 0018 5DF804FB 		ldr	pc, [sp], #4
  58              	.L4:
  59              		.align	2
  60              	.L3:
  61 001c 00000000 		.word	huart1
  62              		.cfi_endproc
  63              	.LFE67:
  65              		.section	.text.send_uart_message,"ax",%progbits
  66              		.align	1
  67              		.global	send_uart_message
  68              		.syntax unified
  69              		.thumb
  70              		.thumb_func
  72              	send_uart_message:
  73              	.LVL3:
  74              	.LFB68:
 246:Core/Src/main.c **** 
 247:Core/Src/main.c **** void send_uart_message(char *message) {
  75              		.loc 1 247 39 is_stmt 1 view -0
  76              		.cfi_startproc
  77              		@ args = 0, pretend = 0, frame = 0
  78              		@ frame_needed = 0, uses_anonymous_args = 0
  79              		.loc 1 247 39 is_stmt 0 view .LVU7
  80 0000 10B5     		push	{r4, lr}
  81              	.LCFI3:
  82              		.cfi_def_cfa_offset 8
  83              		.cfi_offset 4, -8
  84              		.cfi_offset 14, -4
  85 0002 0446     		mov	r4, r0
 248:Core/Src/main.c ****     HAL_UART_Transmit(&huart1, (uint8_t *)message, strlen(message), HAL_MAX_DELAY);
  86              		.loc 1 248 5 is_stmt 1 view .LVU8
  87              		.loc 1 248 52 is_stmt 0 view .LVU9
  88 0004 FFF7FEFF 		bl	strlen
  89              	.LVL4:
  90              		.loc 1 248 5 discriminator 1 view .LVU10
  91 0008 4FF0FF33 		mov	r3, #-1
  92 000c 82B2     		uxth	r2, r0
  93 000e 2146     		mov	r1, r4
  94 0010 0148     		ldr	r0, .L7
  95 0012 FFF7FEFF 		bl	HAL_UART_Transmit
  96              	.LVL5:
 249:Core/Src/main.c **** }
ARM GAS  /var/folders/8x/_y6g3dfs0698dfd49y4vcg_w0000gn/T//cc9Hff2g.s 			page 7


  97              		.loc 1 249 1 view .LVU11
  98 0016 10BD     		pop	{r4, pc}
  99              	.LVL6:
 100              	.L8:
 101              		.loc 1 249 1 view .LVU12
 102              		.align	2
 103              	.L7:
 104 0018 00000000 		.word	huart1
 105              		.cfi_endproc
 106              	.LFE68:
 108              		.section	.rodata.HAL_CAN_RxFifo0MsgPendingCallback.str1.4,"aMS",%progbits,1
 109              		.align	2
 110              	.LC0:
 111 0000 4D657373 		.ascii	"Message length is %ld byte(s)\012\000"
 111      61676520 
 111      6C656E67 
 111      74682069 
 111      7320256C 
 112 001f 00       		.align	2
 113              	.LC1:
 114 0020 42797465 		.ascii	"Byte %d: 0x%02X\015\012\000"
 114      2025643A 
 114      20307825 
 114      3032580D 
 114      0A00
 115              		.section	.text.HAL_CAN_RxFifo0MsgPendingCallback,"ax",%progbits
 116              		.align	1
 117              		.global	HAL_CAN_RxFifo0MsgPendingCallback
 118              		.syntax unified
 119              		.thumb
 120              		.thumb_func
 122              	HAL_CAN_RxFifo0MsgPendingCallback:
 123              	.LVL7:
 124              	.LFB69:
 250:Core/Src/main.c **** 
 251:Core/Src/main.c **** /**
 252:Core/Src/main.c ****   * @brief  Reads CANBUS message from FIFO buffer 
 253:Core/Src/main.c ****   * @author Peter Woolsey
 254:Core/Src/main.c ****   * @retval None
 255:Core/Src/main.c ****   */
 256:Core/Src/main.c **** void HAL_CAN_RxFifo0MsgPendingCallback(CAN_HandleTypeDef *hcan1)
 257:Core/Src/main.c **** {
 125              		.loc 1 257 1 is_stmt 1 view -0
 126              		.cfi_startproc
 127              		@ args = 0, pretend = 0, frame = 0
 128              		@ frame_needed = 0, uses_anonymous_args = 0
 129              		.loc 1 257 1 is_stmt 0 view .LVU14
 130 0000 10B5     		push	{r4, lr}
 131              	.LCFI4:
 132              		.cfi_def_cfa_offset 8
 133              		.cfi_offset 4, -8
 134              		.cfi_offset 14, -4
 258:Core/Src/main.c ****   //printf("Recieved CANBUS message...\r\n");
 259:Core/Src/main.c **** 	if (HAL_CAN_GetRxMessage(hcan1, CAN_RX_FIFO0, &RxHeader, canRX) != HAL_OK)
 135              		.loc 1 259 2 is_stmt 1 view .LVU15
 136              		.loc 1 259 6 is_stmt 0 view .LVU16
 137 0002 0E4B     		ldr	r3, .L15
ARM GAS  /var/folders/8x/_y6g3dfs0698dfd49y4vcg_w0000gn/T//cc9Hff2g.s 			page 8


 138 0004 0E4A     		ldr	r2, .L15+4
 139 0006 0021     		movs	r1, #0
 140 0008 FFF7FEFF 		bl	HAL_CAN_GetRxMessage
 141              	.LVL8:
 142              		.loc 1 259 5 discriminator 1 view .LVU17
 143 000c A8B9     		cbnz	r0, .L9
 144 000e 0446     		mov	r4, r0
 145              	.LBB4:
 260:Core/Src/main.c ****   {
 261:Core/Src/main.c ****     //printf("CAN Message Read Failed. HAL ERROR... \r\n");
 262:Core/Src/main.c ****   }
 263:Core/Src/main.c ****   else
 264:Core/Src/main.c ****   {
 265:Core/Src/main.c **** 
 266:Core/Src/main.c ****     // Get header info...
 267:Core/Src/main.c ****     if (RxHeader.IDE == CAN_ID_STD)
 146              		.loc 1 267 5 is_stmt 1 view .LVU18
 147              		.loc 1 267 17 is_stmt 0 view .LVU19
 148 0010 0B4B     		ldr	r3, .L15+4
 149 0012 9B68     		ldr	r3, [r3, #8]
 150              		.loc 1 267 8 view .LVU20
 151 0014 0BB1     		cbz	r3, .L11
 268:Core/Src/main.c ****     {
 269:Core/Src/main.c ****       //printf("Message has standard ID type...\r\n");
 270:Core/Src/main.c ****       //printf("Message ID:\t%#lx\r\n",RxHeader.StdId);
 271:Core/Src/main.c **** 
 272:Core/Src/main.c ****     }
 273:Core/Src/main.c ****     else if (RxHeader.IDE == CAN_ID_EXT)
 152              		.loc 1 273 10 is_stmt 1 view .LVU21
 153              		.loc 1 273 13 is_stmt 0 view .LVU22
 154 0016 042B     		cmp	r3, #4
 155 0018 0FD1     		bne	.L9
 156              	.L11:
 274:Core/Src/main.c ****     {
 275:Core/Src/main.c ****       //printf("Message has extended ID type...\r\n");
 276:Core/Src/main.c ****       //printf("Message ID:\t%#lx\r\n",RxHeader.ExtId);
 277:Core/Src/main.c ****     }
 278:Core/Src/main.c ****     else
 279:Core/Src/main.c ****     {
 280:Core/Src/main.c ****       //printf("ERROR: Unknown IDE type\r\n");
 281:Core/Src/main.c ****       return;
 282:Core/Src/main.c ****     }
 283:Core/Src/main.c **** 
 284:Core/Src/main.c ****     // Get data... 
 285:Core/Src/main.c ****     // If len(data) < 8 (less than 64 bytes) does the data fill from the front or the back of the a
 286:Core/Src/main.c ****     printf("Message length is %ld byte(s)\n", RxHeader.DLC);
 157              		.loc 1 286 5 is_stmt 1 view .LVU23
 158 001a 094B     		ldr	r3, .L15+4
 159 001c 1969     		ldr	r1, [r3, #16]
 160 001e 0948     		ldr	r0, .L15+8
 161 0020 FFF7FEFF 		bl	printf
 162              	.LVL9:
 287:Core/Src/main.c ****     for (uint8_t i = 0; i < 8; i++) {
 163              		.loc 1 287 5 view .LVU24
 164              	.LBB5:
 165              		.loc 1 287 10 view .LVU25
 166              		.loc 1 287 5 is_stmt 0 view .LVU26
ARM GAS  /var/folders/8x/_y6g3dfs0698dfd49y4vcg_w0000gn/T//cc9Hff2g.s 			page 9


 167 0024 07E0     		b	.L12
 168              	.LVL10:
 169              	.L13:
 288:Core/Src/main.c ****         printf("Byte %d: 0x%02X\r\n", i, canRX[i]);
 170              		.loc 1 288 9 is_stmt 1 view .LVU27
 171 0026 054B     		ldr	r3, .L15
 172 0028 1A5D     		ldrb	r2, [r3, r4]	@ zero_extendqisi2
 173 002a 2146     		mov	r1, r4
 174 002c 0648     		ldr	r0, .L15+12
 175 002e FFF7FEFF 		bl	printf
 176              	.LVL11:
 287:Core/Src/main.c ****     for (uint8_t i = 0; i < 8; i++) {
 177              		.loc 1 287 33 discriminator 3 view .LVU28
 178 0032 0134     		adds	r4, r4, #1
 179              	.LVL12:
 287:Core/Src/main.c ****     for (uint8_t i = 0; i < 8; i++) {
 180              		.loc 1 287 33 is_stmt 0 discriminator 3 view .LVU29
 181 0034 E4B2     		uxtb	r4, r4
 182              	.LVL13:
 183              	.L12:
 287:Core/Src/main.c ****     for (uint8_t i = 0; i < 8; i++) {
 184              		.loc 1 287 27 is_stmt 1 discriminator 1 view .LVU30
 185 0036 072C     		cmp	r4, #7
 186 0038 F5D9     		bls	.L13
 187              	.LVL14:
 188              	.L9:
 287:Core/Src/main.c ****     for (uint8_t i = 0; i < 8; i++) {
 189              		.loc 1 287 27 is_stmt 0 discriminator 1 view .LVU31
 190              	.LBE5:
 191              	.LBE4:
 289:Core/Src/main.c ****     }
 290:Core/Src/main.c **** 
 291:Core/Src/main.c ****   } 
 292:Core/Src/main.c **** 
 293:Core/Src/main.c **** }
 192              		.loc 1 293 1 view .LVU32
 193 003a 10BD     		pop	{r4, pc}
 194              	.L16:
 195              		.align	2
 196              	.L15:
 197 003c 00000000 		.word	canRX
 198 0040 00000000 		.word	RxHeader
 199 0044 00000000 		.word	.LC0
 200 0048 20000000 		.word	.LC1
 201              		.cfi_endproc
 202              	.LFE69:
 204              		.section	.text.Error_Handler,"ax",%progbits
 205              		.align	1
 206              		.global	Error_Handler
 207              		.syntax unified
 208              		.thumb
 209              		.thumb_func
 211              	Error_Handler:
 212              	.LFB70:
 294:Core/Src/main.c **** 
 295:Core/Src/main.c **** /* USER CODE END 4 */
 296:Core/Src/main.c **** 
ARM GAS  /var/folders/8x/_y6g3dfs0698dfd49y4vcg_w0000gn/T//cc9Hff2g.s 			page 10


 297:Core/Src/main.c **** /**
 298:Core/Src/main.c ****   * @brief  This function is executed in case of error occurrence.
 299:Core/Src/main.c ****   * @retval None
 300:Core/Src/main.c ****   */
 301:Core/Src/main.c **** void Error_Handler(void)
 302:Core/Src/main.c **** {
 213              		.loc 1 302 1 is_stmt 1 view -0
 214              		.cfi_startproc
 215              		@ Volatile: function does not return.
 216              		@ args = 0, pretend = 0, frame = 0
 217              		@ frame_needed = 0, uses_anonymous_args = 0
 218 0000 08B5     		push	{r3, lr}
 219              	.LCFI5:
 220              		.cfi_def_cfa_offset 8
 221              		.cfi_offset 3, -8
 222              		.cfi_offset 14, -4
 303:Core/Src/main.c ****   /* USER CODE BEGIN Error_Handler_Debug */
 304:Core/Src/main.c ****   /* User can add his own implementation to report the HAL error return state */
 305:Core/Src/main.c ****   __disable_irq();
 223              		.loc 1 305 3 view .LVU34
 224              	.LBB6:
 225              	.LBI6:
 226              		.file 2 "Drivers/CMSIS/Include/cmsis_gcc.h"
   1:Drivers/CMSIS/Include/cmsis_gcc.h **** /**************************************************************************//**
   2:Drivers/CMSIS/Include/cmsis_gcc.h ****  * @file     cmsis_gcc.h
   3:Drivers/CMSIS/Include/cmsis_gcc.h ****  * @brief    CMSIS compiler GCC header file
   4:Drivers/CMSIS/Include/cmsis_gcc.h ****  * @version  V5.0.4
   5:Drivers/CMSIS/Include/cmsis_gcc.h ****  * @date     09. April 2018
   6:Drivers/CMSIS/Include/cmsis_gcc.h ****  ******************************************************************************/
   7:Drivers/CMSIS/Include/cmsis_gcc.h **** /*
   8:Drivers/CMSIS/Include/cmsis_gcc.h ****  * Copyright (c) 2009-2018 Arm Limited. All rights reserved.
   9:Drivers/CMSIS/Include/cmsis_gcc.h ****  *
  10:Drivers/CMSIS/Include/cmsis_gcc.h ****  * SPDX-License-Identifier: Apache-2.0
  11:Drivers/CMSIS/Include/cmsis_gcc.h ****  *
  12:Drivers/CMSIS/Include/cmsis_gcc.h ****  * Licensed under the Apache License, Version 2.0 (the License); you may
  13:Drivers/CMSIS/Include/cmsis_gcc.h ****  * not use this file except in compliance with the License.
  14:Drivers/CMSIS/Include/cmsis_gcc.h ****  * You may obtain a copy of the License at
  15:Drivers/CMSIS/Include/cmsis_gcc.h ****  *
  16:Drivers/CMSIS/Include/cmsis_gcc.h ****  * www.apache.org/licenses/LICENSE-2.0
  17:Drivers/CMSIS/Include/cmsis_gcc.h ****  *
  18:Drivers/CMSIS/Include/cmsis_gcc.h ****  * Unless required by applicable law or agreed to in writing, software
  19:Drivers/CMSIS/Include/cmsis_gcc.h ****  * distributed under the License is distributed on an AS IS BASIS, WITHOUT
  20:Drivers/CMSIS/Include/cmsis_gcc.h ****  * WARRANTIES OR CONDITIONS OF ANY KIND, either express or implied.
  21:Drivers/CMSIS/Include/cmsis_gcc.h ****  * See the License for the specific language governing permissions and
  22:Drivers/CMSIS/Include/cmsis_gcc.h ****  * limitations under the License.
  23:Drivers/CMSIS/Include/cmsis_gcc.h ****  */
  24:Drivers/CMSIS/Include/cmsis_gcc.h **** 
  25:Drivers/CMSIS/Include/cmsis_gcc.h **** #ifndef __CMSIS_GCC_H
  26:Drivers/CMSIS/Include/cmsis_gcc.h **** #define __CMSIS_GCC_H
  27:Drivers/CMSIS/Include/cmsis_gcc.h **** 
  28:Drivers/CMSIS/Include/cmsis_gcc.h **** /* ignore some GCC warnings */
  29:Drivers/CMSIS/Include/cmsis_gcc.h **** #pragma GCC diagnostic push
  30:Drivers/CMSIS/Include/cmsis_gcc.h **** #pragma GCC diagnostic ignored "-Wsign-conversion"
  31:Drivers/CMSIS/Include/cmsis_gcc.h **** #pragma GCC diagnostic ignored "-Wconversion"
  32:Drivers/CMSIS/Include/cmsis_gcc.h **** #pragma GCC diagnostic ignored "-Wunused-parameter"
  33:Drivers/CMSIS/Include/cmsis_gcc.h **** 
  34:Drivers/CMSIS/Include/cmsis_gcc.h **** /* Fallback for __has_builtin */
ARM GAS  /var/folders/8x/_y6g3dfs0698dfd49y4vcg_w0000gn/T//cc9Hff2g.s 			page 11


  35:Drivers/CMSIS/Include/cmsis_gcc.h **** #ifndef __has_builtin
  36:Drivers/CMSIS/Include/cmsis_gcc.h ****   #define __has_builtin(x) (0)
  37:Drivers/CMSIS/Include/cmsis_gcc.h **** #endif
  38:Drivers/CMSIS/Include/cmsis_gcc.h **** 
  39:Drivers/CMSIS/Include/cmsis_gcc.h **** /* CMSIS compiler specific defines */
  40:Drivers/CMSIS/Include/cmsis_gcc.h **** #ifndef   __ASM
  41:Drivers/CMSIS/Include/cmsis_gcc.h ****   #define __ASM                                  __asm
  42:Drivers/CMSIS/Include/cmsis_gcc.h **** #endif
  43:Drivers/CMSIS/Include/cmsis_gcc.h **** #ifndef   __INLINE
  44:Drivers/CMSIS/Include/cmsis_gcc.h ****   #define __INLINE                               inline
  45:Drivers/CMSIS/Include/cmsis_gcc.h **** #endif
  46:Drivers/CMSIS/Include/cmsis_gcc.h **** #ifndef   __STATIC_INLINE
  47:Drivers/CMSIS/Include/cmsis_gcc.h ****   #define __STATIC_INLINE                        static inline
  48:Drivers/CMSIS/Include/cmsis_gcc.h **** #endif
  49:Drivers/CMSIS/Include/cmsis_gcc.h **** #ifndef   __STATIC_FORCEINLINE                 
  50:Drivers/CMSIS/Include/cmsis_gcc.h ****   #define __STATIC_FORCEINLINE                   __attribute__((always_inline)) static inline
  51:Drivers/CMSIS/Include/cmsis_gcc.h **** #endif                                           
  52:Drivers/CMSIS/Include/cmsis_gcc.h **** #ifndef   __NO_RETURN
  53:Drivers/CMSIS/Include/cmsis_gcc.h ****   #define __NO_RETURN                            __attribute__((__noreturn__))
  54:Drivers/CMSIS/Include/cmsis_gcc.h **** #endif
  55:Drivers/CMSIS/Include/cmsis_gcc.h **** #ifndef   __USED
  56:Drivers/CMSIS/Include/cmsis_gcc.h ****   #define __USED                                 __attribute__((used))
  57:Drivers/CMSIS/Include/cmsis_gcc.h **** #endif
  58:Drivers/CMSIS/Include/cmsis_gcc.h **** #ifndef   __WEAK
  59:Drivers/CMSIS/Include/cmsis_gcc.h ****   #define __WEAK                                 __attribute__((weak))
  60:Drivers/CMSIS/Include/cmsis_gcc.h **** #endif
  61:Drivers/CMSIS/Include/cmsis_gcc.h **** #ifndef   __PACKED
  62:Drivers/CMSIS/Include/cmsis_gcc.h ****   #define __PACKED                               __attribute__((packed, aligned(1)))
  63:Drivers/CMSIS/Include/cmsis_gcc.h **** #endif
  64:Drivers/CMSIS/Include/cmsis_gcc.h **** #ifndef   __PACKED_STRUCT
  65:Drivers/CMSIS/Include/cmsis_gcc.h ****   #define __PACKED_STRUCT                        struct __attribute__((packed, aligned(1)))
  66:Drivers/CMSIS/Include/cmsis_gcc.h **** #endif
  67:Drivers/CMSIS/Include/cmsis_gcc.h **** #ifndef   __PACKED_UNION
  68:Drivers/CMSIS/Include/cmsis_gcc.h ****   #define __PACKED_UNION                         union __attribute__((packed, aligned(1)))
  69:Drivers/CMSIS/Include/cmsis_gcc.h **** #endif
  70:Drivers/CMSIS/Include/cmsis_gcc.h **** #ifndef   __UNALIGNED_UINT32        /* deprecated */
  71:Drivers/CMSIS/Include/cmsis_gcc.h ****   #pragma GCC diagnostic push
  72:Drivers/CMSIS/Include/cmsis_gcc.h ****   #pragma GCC diagnostic ignored "-Wpacked"
  73:Drivers/CMSIS/Include/cmsis_gcc.h ****   #pragma GCC diagnostic ignored "-Wattributes"
  74:Drivers/CMSIS/Include/cmsis_gcc.h ****   struct __attribute__((packed)) T_UINT32 { uint32_t v; };
  75:Drivers/CMSIS/Include/cmsis_gcc.h ****   #pragma GCC diagnostic pop
  76:Drivers/CMSIS/Include/cmsis_gcc.h ****   #define __UNALIGNED_UINT32(x)                  (((struct T_UINT32 *)(x))->v)
  77:Drivers/CMSIS/Include/cmsis_gcc.h **** #endif
  78:Drivers/CMSIS/Include/cmsis_gcc.h **** #ifndef   __UNALIGNED_UINT16_WRITE
  79:Drivers/CMSIS/Include/cmsis_gcc.h ****   #pragma GCC diagnostic push
  80:Drivers/CMSIS/Include/cmsis_gcc.h ****   #pragma GCC diagnostic ignored "-Wpacked"
  81:Drivers/CMSIS/Include/cmsis_gcc.h ****   #pragma GCC diagnostic ignored "-Wattributes"
  82:Drivers/CMSIS/Include/cmsis_gcc.h ****   __PACKED_STRUCT T_UINT16_WRITE { uint16_t v; };
  83:Drivers/CMSIS/Include/cmsis_gcc.h ****   #pragma GCC diagnostic pop
  84:Drivers/CMSIS/Include/cmsis_gcc.h ****   #define __UNALIGNED_UINT16_WRITE(addr, val)    (void)((((struct T_UINT16_WRITE *)(void *)(addr))-
  85:Drivers/CMSIS/Include/cmsis_gcc.h **** #endif
  86:Drivers/CMSIS/Include/cmsis_gcc.h **** #ifndef   __UNALIGNED_UINT16_READ
  87:Drivers/CMSIS/Include/cmsis_gcc.h ****   #pragma GCC diagnostic push
  88:Drivers/CMSIS/Include/cmsis_gcc.h ****   #pragma GCC diagnostic ignored "-Wpacked"
  89:Drivers/CMSIS/Include/cmsis_gcc.h ****   #pragma GCC diagnostic ignored "-Wattributes"
  90:Drivers/CMSIS/Include/cmsis_gcc.h ****   __PACKED_STRUCT T_UINT16_READ { uint16_t v; };
  91:Drivers/CMSIS/Include/cmsis_gcc.h ****   #pragma GCC diagnostic pop
ARM GAS  /var/folders/8x/_y6g3dfs0698dfd49y4vcg_w0000gn/T//cc9Hff2g.s 			page 12


  92:Drivers/CMSIS/Include/cmsis_gcc.h ****   #define __UNALIGNED_UINT16_READ(addr)          (((const struct T_UINT16_READ *)(const void *)(add
  93:Drivers/CMSIS/Include/cmsis_gcc.h **** #endif
  94:Drivers/CMSIS/Include/cmsis_gcc.h **** #ifndef   __UNALIGNED_UINT32_WRITE
  95:Drivers/CMSIS/Include/cmsis_gcc.h ****   #pragma GCC diagnostic push
  96:Drivers/CMSIS/Include/cmsis_gcc.h ****   #pragma GCC diagnostic ignored "-Wpacked"
  97:Drivers/CMSIS/Include/cmsis_gcc.h ****   #pragma GCC diagnostic ignored "-Wattributes"
  98:Drivers/CMSIS/Include/cmsis_gcc.h ****   __PACKED_STRUCT T_UINT32_WRITE { uint32_t v; };
  99:Drivers/CMSIS/Include/cmsis_gcc.h ****   #pragma GCC diagnostic pop
 100:Drivers/CMSIS/Include/cmsis_gcc.h ****   #define __UNALIGNED_UINT32_WRITE(addr, val)    (void)((((struct T_UINT32_WRITE *)(void *)(addr))-
 101:Drivers/CMSIS/Include/cmsis_gcc.h **** #endif
 102:Drivers/CMSIS/Include/cmsis_gcc.h **** #ifndef   __UNALIGNED_UINT32_READ
 103:Drivers/CMSIS/Include/cmsis_gcc.h ****   #pragma GCC diagnostic push
 104:Drivers/CMSIS/Include/cmsis_gcc.h ****   #pragma GCC diagnostic ignored "-Wpacked"
 105:Drivers/CMSIS/Include/cmsis_gcc.h ****   #pragma GCC diagnostic ignored "-Wattributes"
 106:Drivers/CMSIS/Include/cmsis_gcc.h ****   __PACKED_STRUCT T_UINT32_READ { uint32_t v; };
 107:Drivers/CMSIS/Include/cmsis_gcc.h ****   #pragma GCC diagnostic pop
 108:Drivers/CMSIS/Include/cmsis_gcc.h ****   #define __UNALIGNED_UINT32_READ(addr)          (((const struct T_UINT32_READ *)(const void *)(add
 109:Drivers/CMSIS/Include/cmsis_gcc.h **** #endif
 110:Drivers/CMSIS/Include/cmsis_gcc.h **** #ifndef   __ALIGNED
 111:Drivers/CMSIS/Include/cmsis_gcc.h ****   #define __ALIGNED(x)                           __attribute__((aligned(x)))
 112:Drivers/CMSIS/Include/cmsis_gcc.h **** #endif
 113:Drivers/CMSIS/Include/cmsis_gcc.h **** #ifndef   __RESTRICT
 114:Drivers/CMSIS/Include/cmsis_gcc.h ****   #define __RESTRICT                             __restrict
 115:Drivers/CMSIS/Include/cmsis_gcc.h **** #endif
 116:Drivers/CMSIS/Include/cmsis_gcc.h **** 
 117:Drivers/CMSIS/Include/cmsis_gcc.h **** 
 118:Drivers/CMSIS/Include/cmsis_gcc.h **** /* ###########################  Core Function Access  ########################### */
 119:Drivers/CMSIS/Include/cmsis_gcc.h **** /** \ingroup  CMSIS_Core_FunctionInterface
 120:Drivers/CMSIS/Include/cmsis_gcc.h ****     \defgroup CMSIS_Core_RegAccFunctions CMSIS Core Register Access Functions
 121:Drivers/CMSIS/Include/cmsis_gcc.h ****   @{
 122:Drivers/CMSIS/Include/cmsis_gcc.h ****  */
 123:Drivers/CMSIS/Include/cmsis_gcc.h **** 
 124:Drivers/CMSIS/Include/cmsis_gcc.h **** /**
 125:Drivers/CMSIS/Include/cmsis_gcc.h ****   \brief   Enable IRQ Interrupts
 126:Drivers/CMSIS/Include/cmsis_gcc.h ****   \details Enables IRQ interrupts by clearing the I-bit in the CPSR.
 127:Drivers/CMSIS/Include/cmsis_gcc.h ****            Can only be executed in Privileged modes.
 128:Drivers/CMSIS/Include/cmsis_gcc.h ****  */
 129:Drivers/CMSIS/Include/cmsis_gcc.h **** __STATIC_FORCEINLINE void __enable_irq(void)
 130:Drivers/CMSIS/Include/cmsis_gcc.h **** {
 131:Drivers/CMSIS/Include/cmsis_gcc.h ****   __ASM volatile ("cpsie i" : : : "memory");
 132:Drivers/CMSIS/Include/cmsis_gcc.h **** }
 133:Drivers/CMSIS/Include/cmsis_gcc.h **** 
 134:Drivers/CMSIS/Include/cmsis_gcc.h **** 
 135:Drivers/CMSIS/Include/cmsis_gcc.h **** /**
 136:Drivers/CMSIS/Include/cmsis_gcc.h ****   \brief   Disable IRQ Interrupts
 137:Drivers/CMSIS/Include/cmsis_gcc.h ****   \details Disables IRQ interrupts by setting the I-bit in the CPSR.
 138:Drivers/CMSIS/Include/cmsis_gcc.h ****            Can only be executed in Privileged modes.
 139:Drivers/CMSIS/Include/cmsis_gcc.h ****  */
 140:Drivers/CMSIS/Include/cmsis_gcc.h **** __STATIC_FORCEINLINE void __disable_irq(void)
 227              		.loc 2 140 27 view .LVU35
 228              	.LBB7:
 141:Drivers/CMSIS/Include/cmsis_gcc.h **** {
 142:Drivers/CMSIS/Include/cmsis_gcc.h ****   __ASM volatile ("cpsid i" : : : "memory");
 229              		.loc 2 142 3 view .LVU36
 230              		.syntax unified
 231              	@ 142 "Drivers/CMSIS/Include/cmsis_gcc.h" 1
 232 0002 72B6     		cpsid i
ARM GAS  /var/folders/8x/_y6g3dfs0698dfd49y4vcg_w0000gn/T//cc9Hff2g.s 			page 13


 233              	@ 0 "" 2
 234              		.thumb
 235              		.syntax unified
 236              	.L18:
 237              	.LBE7:
 238              	.LBE6:
 306:Core/Src/main.c ****   while (1)
 239              		.loc 1 306 3 view .LVU37
 307:Core/Src/main.c ****   {
 308:Core/Src/main.c ****     //printf("bruh");
 309:Core/Src/main.c ****     HAL_GPIO_TogglePin(USER_LED_GPIO_Port, USER_LED_Pin);
 240              		.loc 1 309 5 view .LVU38
 241 0004 0421     		movs	r1, #4
 242 0006 0348     		ldr	r0, .L20
 243 0008 FFF7FEFF 		bl	HAL_GPIO_TogglePin
 244              	.LVL15:
 310:Core/Src/main.c ****     HAL_Delay(200);
 245              		.loc 1 310 5 discriminator 1 view .LVU39
 246 000c C820     		movs	r0, #200
 247 000e FFF7FEFF 		bl	HAL_Delay
 248              	.LVL16:
 306:Core/Src/main.c ****   while (1)
 249              		.loc 1 306 9 view .LVU40
 250 0012 F7E7     		b	.L18
 251              	.L21:
 252              		.align	2
 253              	.L20:
 254 0014 00080140 		.word	1073809408
 255              		.cfi_endproc
 256              	.LFE70:
 258              		.section	.text.SystemClock_Config,"ax",%progbits
 259              		.align	1
 260              		.global	SystemClock_Config
 261              		.syntax unified
 262              		.thumb
 263              		.thumb_func
 265              	SystemClock_Config:
 266              	.LFB66:
 196:Core/Src/main.c ****   RCC_OscInitTypeDef RCC_OscInitStruct = {0};
 267              		.loc 1 196 1 view -0
 268              		.cfi_startproc
 269              		@ args = 0, pretend = 0, frame = 80
 270              		@ frame_needed = 0, uses_anonymous_args = 0
 271 0000 00B5     		push	{lr}
 272              	.LCFI6:
 273              		.cfi_def_cfa_offset 4
 274              		.cfi_offset 14, -4
 275 0002 95B0     		sub	sp, sp, #84
 276              	.LCFI7:
 277              		.cfi_def_cfa_offset 88
 197:Core/Src/main.c ****   RCC_ClkInitTypeDef RCC_ClkInitStruct = {0};
 278              		.loc 1 197 3 view .LVU42
 197:Core/Src/main.c ****   RCC_ClkInitTypeDef RCC_ClkInitStruct = {0};
 279              		.loc 1 197 22 is_stmt 0 view .LVU43
 280 0004 2822     		movs	r2, #40
 281 0006 0021     		movs	r1, #0
 282 0008 0DEB0200 		add	r0, sp, r2
ARM GAS  /var/folders/8x/_y6g3dfs0698dfd49y4vcg_w0000gn/T//cc9Hff2g.s 			page 14


 283 000c FFF7FEFF 		bl	memset
 284              	.LVL17:
 198:Core/Src/main.c ****   RCC_PeriphCLKInitTypeDef PeriphClkInit = {0};
 285              		.loc 1 198 3 is_stmt 1 view .LVU44
 198:Core/Src/main.c ****   RCC_PeriphCLKInitTypeDef PeriphClkInit = {0};
 286              		.loc 1 198 22 is_stmt 0 view .LVU45
 287 0010 0023     		movs	r3, #0
 288 0012 0593     		str	r3, [sp, #20]
 289 0014 0693     		str	r3, [sp, #24]
 290 0016 0793     		str	r3, [sp, #28]
 291 0018 0893     		str	r3, [sp, #32]
 292 001a 0993     		str	r3, [sp, #36]
 199:Core/Src/main.c **** 
 293              		.loc 1 199 3 is_stmt 1 view .LVU46
 199:Core/Src/main.c **** 
 294              		.loc 1 199 28 is_stmt 0 view .LVU47
 295 001c 0193     		str	r3, [sp, #4]
 296 001e 0293     		str	r3, [sp, #8]
 297 0020 0393     		str	r3, [sp, #12]
 298 0022 0493     		str	r3, [sp, #16]
 204:Core/Src/main.c ****   RCC_OscInitStruct.HSEState = RCC_HSE_ON;
 299              		.loc 1 204 3 is_stmt 1 view .LVU48
 204:Core/Src/main.c ****   RCC_OscInitStruct.HSEState = RCC_HSE_ON;
 300              		.loc 1 204 36 is_stmt 0 view .LVU49
 301 0024 0122     		movs	r2, #1
 302 0026 0A92     		str	r2, [sp, #40]
 205:Core/Src/main.c ****   RCC_OscInitStruct.HSEPredivValue = RCC_HSE_PREDIV_DIV2;
 303              		.loc 1 205 3 is_stmt 1 view .LVU50
 205:Core/Src/main.c ****   RCC_OscInitStruct.HSEPredivValue = RCC_HSE_PREDIV_DIV2;
 304              		.loc 1 205 30 is_stmt 0 view .LVU51
 305 0028 4FF48033 		mov	r3, #65536
 306 002c 0B93     		str	r3, [sp, #44]
 206:Core/Src/main.c ****   RCC_OscInitStruct.HSIState = RCC_HSI_ON;
 307              		.loc 1 206 3 is_stmt 1 view .LVU52
 206:Core/Src/main.c ****   RCC_OscInitStruct.HSIState = RCC_HSI_ON;
 308              		.loc 1 206 36 is_stmt 0 view .LVU53
 309 002e 4FF40031 		mov	r1, #131072
 310 0032 0C91     		str	r1, [sp, #48]
 207:Core/Src/main.c ****   RCC_OscInitStruct.PLL.PLLState = RCC_PLL_ON;
 311              		.loc 1 207 3 is_stmt 1 view .LVU54
 207:Core/Src/main.c ****   RCC_OscInitStruct.PLL.PLLState = RCC_PLL_ON;
 312              		.loc 1 207 30 is_stmt 0 view .LVU55
 313 0034 0E92     		str	r2, [sp, #56]
 208:Core/Src/main.c ****   RCC_OscInitStruct.PLL.PLLSource = RCC_PLLSOURCE_HSE;
 314              		.loc 1 208 3 is_stmt 1 view .LVU56
 208:Core/Src/main.c ****   RCC_OscInitStruct.PLL.PLLSource = RCC_PLLSOURCE_HSE;
 315              		.loc 1 208 34 is_stmt 0 view .LVU57
 316 0036 0222     		movs	r2, #2
 317 0038 1192     		str	r2, [sp, #68]
 209:Core/Src/main.c ****   RCC_OscInitStruct.PLL.PLLMUL = RCC_PLL_MUL9;
 318              		.loc 1 209 3 is_stmt 1 view .LVU58
 209:Core/Src/main.c ****   RCC_OscInitStruct.PLL.PLLMUL = RCC_PLL_MUL9;
 319              		.loc 1 209 35 is_stmt 0 view .LVU59
 320 003a 1293     		str	r3, [sp, #72]
 210:Core/Src/main.c ****   if (HAL_RCC_OscConfig(&RCC_OscInitStruct) != HAL_OK)
 321              		.loc 1 210 3 is_stmt 1 view .LVU60
 210:Core/Src/main.c ****   if (HAL_RCC_OscConfig(&RCC_OscInitStruct) != HAL_OK)
ARM GAS  /var/folders/8x/_y6g3dfs0698dfd49y4vcg_w0000gn/T//cc9Hff2g.s 			page 15


 322              		.loc 1 210 32 is_stmt 0 view .LVU61
 323 003c 4FF4E013 		mov	r3, #1835008
 324 0040 1393     		str	r3, [sp, #76]
 211:Core/Src/main.c ****   {
 325              		.loc 1 211 3 is_stmt 1 view .LVU62
 211:Core/Src/main.c ****   {
 326              		.loc 1 211 7 is_stmt 0 view .LVU63
 327 0042 0AA8     		add	r0, sp, #40
 328 0044 FFF7FEFF 		bl	HAL_RCC_OscConfig
 329              	.LVL18:
 211:Core/Src/main.c ****   {
 330              		.loc 1 211 6 discriminator 1 view .LVU64
 331 0048 C0B9     		cbnz	r0, .L27
 218:Core/Src/main.c ****                               |RCC_CLOCKTYPE_PCLK1|RCC_CLOCKTYPE_PCLK2;
 332              		.loc 1 218 3 is_stmt 1 view .LVU65
 218:Core/Src/main.c ****                               |RCC_CLOCKTYPE_PCLK1|RCC_CLOCKTYPE_PCLK2;
 333              		.loc 1 218 31 is_stmt 0 view .LVU66
 334 004a 0F23     		movs	r3, #15
 335 004c 0593     		str	r3, [sp, #20]
 220:Core/Src/main.c ****   RCC_ClkInitStruct.AHBCLKDivider = RCC_SYSCLK_DIV1;
 336              		.loc 1 220 3 is_stmt 1 view .LVU67
 220:Core/Src/main.c ****   RCC_ClkInitStruct.AHBCLKDivider = RCC_SYSCLK_DIV1;
 337              		.loc 1 220 34 is_stmt 0 view .LVU68
 338 004e 0221     		movs	r1, #2
 339 0050 0691     		str	r1, [sp, #24]
 221:Core/Src/main.c ****   RCC_ClkInitStruct.APB1CLKDivider = RCC_HCLK_DIV2;
 340              		.loc 1 221 3 is_stmt 1 view .LVU69
 221:Core/Src/main.c ****   RCC_ClkInitStruct.APB1CLKDivider = RCC_HCLK_DIV2;
 341              		.loc 1 221 35 is_stmt 0 view .LVU70
 342 0052 0023     		movs	r3, #0
 343 0054 0793     		str	r3, [sp, #28]
 222:Core/Src/main.c ****   RCC_ClkInitStruct.APB2CLKDivider = RCC_HCLK_DIV1;
 344              		.loc 1 222 3 is_stmt 1 view .LVU71
 222:Core/Src/main.c ****   RCC_ClkInitStruct.APB2CLKDivider = RCC_HCLK_DIV1;
 345              		.loc 1 222 36 is_stmt 0 view .LVU72
 346 0056 4FF48062 		mov	r2, #1024
 347 005a 0892     		str	r2, [sp, #32]
 223:Core/Src/main.c **** 
 348              		.loc 1 223 3 is_stmt 1 view .LVU73
 223:Core/Src/main.c **** 
 349              		.loc 1 223 36 is_stmt 0 view .LVU74
 350 005c 0993     		str	r3, [sp, #36]
 225:Core/Src/main.c ****   {
 351              		.loc 1 225 3 is_stmt 1 view .LVU75
 225:Core/Src/main.c ****   {
 352              		.loc 1 225 7 is_stmt 0 view .LVU76
 353 005e 05A8     		add	r0, sp, #20
 354 0060 FFF7FEFF 		bl	HAL_RCC_ClockConfig
 355              	.LVL19:
 225:Core/Src/main.c ****   {
 356              		.loc 1 225 6 discriminator 1 view .LVU77
 357 0064 60B9     		cbnz	r0, .L28
 229:Core/Src/main.c ****   PeriphClkInit.UsbClockSelection = RCC_USBCLKSOURCE_PLL_DIV1_5;
 358              		.loc 1 229 3 is_stmt 1 view .LVU78
 229:Core/Src/main.c ****   PeriphClkInit.UsbClockSelection = RCC_USBCLKSOURCE_PLL_DIV1_5;
 359              		.loc 1 229 38 is_stmt 0 view .LVU79
 360 0066 1023     		movs	r3, #16
ARM GAS  /var/folders/8x/_y6g3dfs0698dfd49y4vcg_w0000gn/T//cc9Hff2g.s 			page 16


 361 0068 0193     		str	r3, [sp, #4]
 230:Core/Src/main.c ****   if (HAL_RCCEx_PeriphCLKConfig(&PeriphClkInit) != HAL_OK)
 362              		.loc 1 230 3 is_stmt 1 view .LVU80
 230:Core/Src/main.c ****   if (HAL_RCCEx_PeriphCLKConfig(&PeriphClkInit) != HAL_OK)
 363              		.loc 1 230 35 is_stmt 0 view .LVU81
 364 006a 0023     		movs	r3, #0
 365 006c 0493     		str	r3, [sp, #16]
 231:Core/Src/main.c ****   {
 366              		.loc 1 231 3 is_stmt 1 view .LVU82
 231:Core/Src/main.c ****   {
 367              		.loc 1 231 7 is_stmt 0 view .LVU83
 368 006e 01A8     		add	r0, sp, #4
 369 0070 FFF7FEFF 		bl	HAL_RCCEx_PeriphCLKConfig
 370              	.LVL20:
 231:Core/Src/main.c ****   {
 371              		.loc 1 231 6 discriminator 1 view .LVU84
 372 0074 30B9     		cbnz	r0, .L29
 235:Core/Src/main.c **** 
 373              		.loc 1 235 1 view .LVU85
 374 0076 15B0     		add	sp, sp, #84
 375              	.LCFI8:
 376              		.cfi_remember_state
 377              		.cfi_def_cfa_offset 4
 378              		@ sp needed
 379 0078 5DF804FB 		ldr	pc, [sp], #4
 380              	.L27:
 381              	.LCFI9:
 382              		.cfi_restore_state
 213:Core/Src/main.c ****   }
 383              		.loc 1 213 5 is_stmt 1 view .LVU86
 384 007c FFF7FEFF 		bl	Error_Handler
 385              	.LVL21:
 386              	.L28:
 227:Core/Src/main.c ****   }
 387              		.loc 1 227 5 view .LVU87
 388 0080 FFF7FEFF 		bl	Error_Handler
 389              	.LVL22:
 390              	.L29:
 233:Core/Src/main.c ****   }
 391              		.loc 1 233 5 view .LVU88
 392 0084 FFF7FEFF 		bl	Error_Handler
 393              	.LVL23:
 394              		.cfi_endproc
 395              	.LFE66:
 397              		.section	.text.main,"ax",%progbits
 398              		.align	1
 399              		.global	main
 400              		.syntax unified
 401              		.thumb
 402              		.thumb_func
 404              	main:
 405              	.LFB65:
  87:Core/Src/main.c **** 
 406              		.loc 1 87 1 view -0
 407              		.cfi_startproc
 408              		@ Volatile: function does not return.
 409              		@ args = 0, pretend = 0, frame = 0
ARM GAS  /var/folders/8x/_y6g3dfs0698dfd49y4vcg_w0000gn/T//cc9Hff2g.s 			page 17


 410              		@ frame_needed = 0, uses_anonymous_args = 0
 411 0000 08B5     		push	{r3, lr}
 412              	.LCFI10:
 413              		.cfi_def_cfa_offset 8
 414              		.cfi_offset 3, -8
 415              		.cfi_offset 14, -4
  96:Core/Src/main.c **** 
 416              		.loc 1 96 3 view .LVU90
 417 0002 FFF7FEFF 		bl	HAL_Init
 418              	.LVL24:
 103:Core/Src/main.c **** 
 419              		.loc 1 103 3 view .LVU91
 420 0006 FFF7FEFF 		bl	SystemClock_Config
 421              	.LVL25:
 110:Core/Src/main.c ****   MX_CAN_Init();
 422              		.loc 1 110 3 view .LVU92
 423 000a FFF7FEFF 		bl	MX_GPIO_Init
 424              	.LVL26:
 111:Core/Src/main.c ****   MX_I2C1_Init();
 425              		.loc 1 111 3 view .LVU93
 426 000e FFF7FEFF 		bl	MX_CAN_Init
 427              	.LVL27:
 112:Core/Src/main.c ****   MX_USART1_UART_Init();
 428              		.loc 1 112 3 view .LVU94
 429 0012 FFF7FEFF 		bl	MX_I2C1_Init
 430              	.LVL28:
 113:Core/Src/main.c ****   MX_USB_PCD_Init();
 431              		.loc 1 113 3 view .LVU95
 432 0016 FFF7FEFF 		bl	MX_USART1_UART_Init
 433              	.LVL29:
 114:Core/Src/main.c ****   /* USER CODE BEGIN 2 */
 434              		.loc 1 114 3 view .LVU96
 435 001a FFF7FEFF 		bl	MX_USB_PCD_Init
 436              	.LVL30:
 117:Core/Src/main.c **** 
 437              		.loc 1 117 3 view .LVU97
 120:Core/Src/main.c ****   canfil.FilterMode = CAN_FILTERMODE_IDMASK;
 438              		.loc 1 120 3 view .LVU98
 120:Core/Src/main.c ****   canfil.FilterMode = CAN_FILTERMODE_IDMASK;
 439              		.loc 1 120 21 is_stmt 0 view .LVU99
 440 001e 2349     		ldr	r1, .L34
 441 0020 0023     		movs	r3, #0
 442 0022 4B61     		str	r3, [r1, #20]
 121:Core/Src/main.c ****   canfil.FilterFIFOAssignment = CAN_RX_FIFO0;
 443              		.loc 1 121 3 is_stmt 1 view .LVU100
 121:Core/Src/main.c ****   canfil.FilterFIFOAssignment = CAN_RX_FIFO0;
 444              		.loc 1 121 21 is_stmt 0 view .LVU101
 445 0024 8B61     		str	r3, [r1, #24]
 122:Core/Src/main.c ****   canfil.FilterIdHigh = 0;
 446              		.loc 1 122 3 is_stmt 1 view .LVU102
 122:Core/Src/main.c ****   canfil.FilterIdHigh = 0;
 447              		.loc 1 122 31 is_stmt 0 view .LVU103
 448 0026 0B61     		str	r3, [r1, #16]
 123:Core/Src/main.c ****   canfil.FilterIdLow = 0;
 449              		.loc 1 123 3 is_stmt 1 view .LVU104
 123:Core/Src/main.c ****   canfil.FilterIdLow = 0;
 450              		.loc 1 123 23 is_stmt 0 view .LVU105
ARM GAS  /var/folders/8x/_y6g3dfs0698dfd49y4vcg_w0000gn/T//cc9Hff2g.s 			page 18


 451 0028 0B60     		str	r3, [r1]
 124:Core/Src/main.c ****   canfil.FilterMaskIdHigh = 0;
 452              		.loc 1 124 3 is_stmt 1 view .LVU106
 124:Core/Src/main.c ****   canfil.FilterMaskIdHigh = 0;
 453              		.loc 1 124 22 is_stmt 0 view .LVU107
 454 002a 4B60     		str	r3, [r1, #4]
 125:Core/Src/main.c ****   canfil.FilterMaskIdLow = 0;
 455              		.loc 1 125 3 is_stmt 1 view .LVU108
 125:Core/Src/main.c ****   canfil.FilterMaskIdLow = 0;
 456              		.loc 1 125 27 is_stmt 0 view .LVU109
 457 002c 8B60     		str	r3, [r1, #8]
 126:Core/Src/main.c ****   canfil.FilterScale = CAN_FILTERSCALE_32BIT;
 458              		.loc 1 126 3 is_stmt 1 view .LVU110
 126:Core/Src/main.c ****   canfil.FilterScale = CAN_FILTERSCALE_32BIT;
 459              		.loc 1 126 26 is_stmt 0 view .LVU111
 460 002e CB60     		str	r3, [r1, #12]
 127:Core/Src/main.c ****   canfil.FilterActivation = ENABLE;
 461              		.loc 1 127 3 is_stmt 1 view .LVU112
 127:Core/Src/main.c ****   canfil.FilterActivation = ENABLE;
 462              		.loc 1 127 22 is_stmt 0 view .LVU113
 463 0030 0120     		movs	r0, #1
 464 0032 C861     		str	r0, [r1, #28]
 128:Core/Src/main.c ****   canfil.SlaveStartFilterBank = 14;
 465              		.loc 1 128 3 is_stmt 1 view .LVU114
 128:Core/Src/main.c ****   canfil.SlaveStartFilterBank = 14;
 466              		.loc 1 128 27 is_stmt 0 view .LVU115
 467 0034 0862     		str	r0, [r1, #32]
 129:Core/Src/main.c **** 
 468              		.loc 1 129 3 is_stmt 1 view .LVU116
 129:Core/Src/main.c **** 
 469              		.loc 1 129 31 is_stmt 0 view .LVU117
 470 0036 0E22     		movs	r2, #14
 471 0038 4A62     		str	r2, [r1, #36]
 131:Core/Src/main.c ****   TxHeader.StdId = 0x446;
 472              		.loc 1 131 3 is_stmt 1 view .LVU118
 131:Core/Src/main.c ****   TxHeader.StdId = 0x446;
 473              		.loc 1 131 16 is_stmt 0 view .LVU119
 474 003a 1D4A     		ldr	r2, .L34+4
 475 003c 9360     		str	r3, [r2, #8]
 132:Core/Src/main.c ****   TxHeader.RTR = CAN_RTR_DATA;
 476              		.loc 1 132 3 is_stmt 1 view .LVU120
 132:Core/Src/main.c ****   TxHeader.RTR = CAN_RTR_DATA;
 477              		.loc 1 132 18 is_stmt 0 view .LVU121
 478 003e 40F24644 		movw	r4, #1094
 479 0042 1460     		str	r4, [r2]
 133:Core/Src/main.c ****   TxHeader.DLC = 8;
 480              		.loc 1 133 3 is_stmt 1 view .LVU122
 133:Core/Src/main.c ****   TxHeader.DLC = 8;
 481              		.loc 1 133 16 is_stmt 0 view .LVU123
 482 0044 D360     		str	r3, [r2, #12]
 134:Core/Src/main.c **** 
 483              		.loc 1 134 3 is_stmt 1 view .LVU124
 134:Core/Src/main.c **** 
 484              		.loc 1 134 16 is_stmt 0 view .LVU125
 485 0046 0824     		movs	r4, #8
 486 0048 1461     		str	r4, [r2, #16]
 136:Core/Src/main.c ****   TxData[1] = 0x02; 
ARM GAS  /var/folders/8x/_y6g3dfs0698dfd49y4vcg_w0000gn/T//cc9Hff2g.s 			page 19


 487              		.loc 1 136 3 is_stmt 1 view .LVU126
 136:Core/Src/main.c ****   TxData[1] = 0x02; 
 488              		.loc 1 136 13 is_stmt 0 view .LVU127
 489 004a 1A4B     		ldr	r3, .L34+8
 490 004c 1870     		strb	r0, [r3]
 137:Core/Src/main.c ****   TxData[2] = 0x03; 
 491              		.loc 1 137 3 is_stmt 1 view .LVU128
 137:Core/Src/main.c ****   TxData[2] = 0x03; 
 492              		.loc 1 137 13 is_stmt 0 view .LVU129
 493 004e 0225     		movs	r5, #2
 494 0050 5D70     		strb	r5, [r3, #1]
 138:Core/Src/main.c ****   TxData[3] = 0x04; 
 495              		.loc 1 138 3 is_stmt 1 view .LVU130
 138:Core/Src/main.c ****   TxData[3] = 0x04; 
 496              		.loc 1 138 13 is_stmt 0 view .LVU131
 497 0052 0322     		movs	r2, #3
 498 0054 9A70     		strb	r2, [r3, #2]
 139:Core/Src/main.c ****   TxData[4] = 0x05; 
 499              		.loc 1 139 3 is_stmt 1 view .LVU132
 139:Core/Src/main.c ****   TxData[4] = 0x05; 
 500              		.loc 1 139 13 is_stmt 0 view .LVU133
 501 0056 0422     		movs	r2, #4
 502 0058 DA70     		strb	r2, [r3, #3]
 140:Core/Src/main.c ****   TxData[5] = 0x06; 
 503              		.loc 1 140 3 is_stmt 1 view .LVU134
 140:Core/Src/main.c ****   TxData[5] = 0x06; 
 504              		.loc 1 140 13 is_stmt 0 view .LVU135
 505 005a 0522     		movs	r2, #5
 506 005c 1A71     		strb	r2, [r3, #4]
 141:Core/Src/main.c ****   TxData[6] = 0x07; 
 507              		.loc 1 141 3 is_stmt 1 view .LVU136
 141:Core/Src/main.c ****   TxData[6] = 0x07; 
 508              		.loc 1 141 13 is_stmt 0 view .LVU137
 509 005e 0622     		movs	r2, #6
 510 0060 5A71     		strb	r2, [r3, #5]
 142:Core/Src/main.c ****   TxData[7] = 0x08; 
 511              		.loc 1 142 3 is_stmt 1 view .LVU138
 142:Core/Src/main.c ****   TxData[7] = 0x08; 
 512              		.loc 1 142 13 is_stmt 0 view .LVU139
 513 0062 0722     		movs	r2, #7
 514 0064 9A71     		strb	r2, [r3, #6]
 143:Core/Src/main.c **** 
 515              		.loc 1 143 3 is_stmt 1 view .LVU140
 143:Core/Src/main.c **** 
 516              		.loc 1 143 13 is_stmt 0 view .LVU141
 517 0066 DC71     		strb	r4, [r3, #7]
 147:Core/Src/main.c ****   HAL_CAN_Start(&hcan);
 518              		.loc 1 147 3 is_stmt 1 view .LVU142
 519 0068 134C     		ldr	r4, .L34+12
 520 006a 2046     		mov	r0, r4
 521 006c FFF7FEFF 		bl	HAL_CAN_ConfigFilter
 522              	.LVL31:
 148:Core/Src/main.c ****   HAL_CAN_ActivateNotification(&hcan,CAN_IT_RX_FIFO0_MSG_PENDING);
 523              		.loc 1 148 3 view .LVU143
 524 0070 2046     		mov	r0, r4
 525 0072 FFF7FEFF 		bl	HAL_CAN_Start
 526              	.LVL32:
ARM GAS  /var/folders/8x/_y6g3dfs0698dfd49y4vcg_w0000gn/T//cc9Hff2g.s 			page 20


 149:Core/Src/main.c **** 
 527              		.loc 1 149 3 view .LVU144
 528 0076 2946     		mov	r1, r5
 529 0078 2046     		mov	r0, r4
 530 007a FFF7FEFF 		bl	HAL_CAN_ActivateNotification
 531              	.LVL33:
 151:Core/Src/main.c ****   {
 532              		.loc 1 151 3 view .LVU145
 151:Core/Src/main.c ****   {
 533              		.loc 1 151 7 is_stmt 0 view .LVU146
 534 007e 2946     		mov	r1, r5
 535 0080 2046     		mov	r0, r4
 536 0082 FFF7FEFF 		bl	HAL_CAN_ActivateNotification
 537              	.LVL34:
 151:Core/Src/main.c ****   {
 538              		.loc 1 151 6 discriminator 1 view .LVU147
 539 0086 70B9     		cbnz	r0, .L33
 540              	.L31:
 160:Core/Src/main.c ****   {
 541              		.loc 1 160 3 is_stmt 1 view .LVU148
 162:Core/Src/main.c ****     HAL_GPIO_TogglePin(USER_LED_GPIO_Port, USER_LED_Pin);
 542              		.loc 1 162 5 view .LVU149
 543 0088 4FF4FA70 		mov	r0, #500
 544 008c FFF7FEFF 		bl	HAL_Delay
 545              	.LVL35:
 163:Core/Src/main.c ****     
 546              		.loc 1 163 5 view .LVU150
 547 0090 0421     		movs	r1, #4
 548 0092 0A48     		ldr	r0, .L34+16
 549 0094 FFF7FEFF 		bl	HAL_GPIO_TogglePin
 550              	.LVL36:
 168:Core/Src/main.c ****     {
 551              		.loc 1 168 5 view .LVU151
 168:Core/Src/main.c ****     {
 552              		.loc 1 168 9 is_stmt 0 view .LVU152
 553 0098 094B     		ldr	r3, .L34+20
 554 009a 064A     		ldr	r2, .L34+8
 555 009c 0449     		ldr	r1, .L34+4
 556 009e 0648     		ldr	r0, .L34+12
 557 00a0 FFF7FEFF 		bl	HAL_CAN_AddTxMessage
 558              	.LVL37:
 171:Core/Src/main.c **** 
 559              		.loc 1 171 5 is_stmt 1 view .LVU153
 160:Core/Src/main.c ****   {
 560              		.loc 1 160 9 view .LVU154
 561 00a4 F0E7     		b	.L31
 562              	.L33:
 153:Core/Src/main.c ****   }
 563              		.loc 1 153 4 view .LVU155
 564 00a6 FFF7FEFF 		bl	Error_Handler
 565              	.LVL38:
 566              	.L35:
 567 00aa 00BF     		.align	2
 568              	.L34:
 569 00ac 00000000 		.word	canfil
 570 00b0 00000000 		.word	TxHeader
 571 00b4 00000000 		.word	TxData
ARM GAS  /var/folders/8x/_y6g3dfs0698dfd49y4vcg_w0000gn/T//cc9Hff2g.s 			page 21


 572 00b8 00000000 		.word	hcan
 573 00bc 00080140 		.word	1073809408
 574 00c0 00000000 		.word	TxMailbox
 575              		.cfi_endproc
 576              	.LFE65:
 578              		.global	canRX
 579              		.section	.bss.canRX,"aw",%nobits
 580              		.align	2
 583              	canRX:
 584 0000 00000000 		.space	8
 584      00000000 
 585              		.global	canMailbox
 586              		.section	.bss.canMailbox,"aw",%nobits
 587              		.align	2
 590              	canMailbox:
 591 0000 00000000 		.space	4
 592              		.global	canfil
 593              		.section	.bss.canfil,"aw",%nobits
 594              		.align	2
 597              	canfil:
 598 0000 00000000 		.space	40
 598      00000000 
 598      00000000 
 598      00000000 
 598      00000000 
 599              		.global	TxMailbox
 600              		.section	.bss.TxMailbox,"aw",%nobits
 601              		.align	2
 604              	TxMailbox:
 605 0000 00000000 		.space	4
 606              		.global	TxData
 607              		.section	.bss.TxData,"aw",%nobits
 608              		.align	2
 611              	TxData:
 612 0000 00000000 		.space	8
 612      00000000 
 613              		.global	RxHeader
 614              		.section	.bss.RxHeader,"aw",%nobits
 615              		.align	2
 618              	RxHeader:
 619 0000 00000000 		.space	28
 619      00000000 
 619      00000000 
 619      00000000 
 619      00000000 
 620              		.global	TxHeader
 621              		.section	.bss.TxHeader,"aw",%nobits
 622              		.align	2
 625              	TxHeader:
 626 0000 00000000 		.space	24
 626      00000000 
 626      00000000 
 626      00000000 
 626      00000000 
 627              		.text
 628              	.Letext0:
 629              		.file 3 "/Applications/ArmGNUToolchain/13.3.rel1/arm-none-eabi/arm-none-eabi/include/machine/_defa
ARM GAS  /var/folders/8x/_y6g3dfs0698dfd49y4vcg_w0000gn/T//cc9Hff2g.s 			page 22


 630              		.file 4 "/Applications/ArmGNUToolchain/13.3.rel1/arm-none-eabi/arm-none-eabi/include/sys/_stdint.h
 631              		.file 5 "Drivers/CMSIS/Device/ST/STM32F1xx/Include/stm32f103xb.h"
 632              		.file 6 "Drivers/CMSIS/Device/ST/STM32F1xx/Include/stm32f1xx.h"
 633              		.file 7 "Drivers/STM32F1xx_HAL_Driver/Inc/stm32f1xx_hal_def.h"
 634              		.file 8 "Drivers/STM32F1xx_HAL_Driver/Inc/stm32f1xx_hal_rcc.h"
 635              		.file 9 "Drivers/STM32F1xx_HAL_Driver/Inc/stm32f1xx_hal_rcc_ex.h"
 636              		.file 10 "Drivers/STM32F1xx_HAL_Driver/Inc/stm32f1xx_hal_dma.h"
 637              		.file 11 "Drivers/STM32F1xx_HAL_Driver/Inc/stm32f1xx_hal_can.h"
 638              		.file 12 "Drivers/STM32F1xx_HAL_Driver/Inc/stm32f1xx_hal_uart.h"
 639              		.file 13 "Core/Inc/can.h"
 640              		.file 14 "Core/Inc/usart.h"
 641              		.file 15 "Drivers/STM32F1xx_HAL_Driver/Inc/stm32f1xx_hal_gpio.h"
 642              		.file 16 "Drivers/STM32F1xx_HAL_Driver/Inc/stm32f1xx_hal.h"
 643              		.file 17 "Core/Inc/usb.h"
 644              		.file 18 "Core/Inc/i2c.h"
 645              		.file 19 "Core/Inc/gpio.h"
 646              		.file 20 "<built-in>"
ARM GAS  /var/folders/8x/_y6g3dfs0698dfd49y4vcg_w0000gn/T//cc9Hff2g.s 			page 23


DEFINED SYMBOLS
                            *ABS*:00000000 main.c
/var/folders/8x/_y6g3dfs0698dfd49y4vcg_w0000gn/T//cc9Hff2g.s:19     .text.__io_putchar:00000000 $t
/var/folders/8x/_y6g3dfs0698dfd49y4vcg_w0000gn/T//cc9Hff2g.s:25     .text.__io_putchar:00000000 __io_putchar
/var/folders/8x/_y6g3dfs0698dfd49y4vcg_w0000gn/T//cc9Hff2g.s:61     .text.__io_putchar:0000001c $d
/var/folders/8x/_y6g3dfs0698dfd49y4vcg_w0000gn/T//cc9Hff2g.s:66     .text.send_uart_message:00000000 $t
/var/folders/8x/_y6g3dfs0698dfd49y4vcg_w0000gn/T//cc9Hff2g.s:72     .text.send_uart_message:00000000 send_uart_message
/var/folders/8x/_y6g3dfs0698dfd49y4vcg_w0000gn/T//cc9Hff2g.s:104    .text.send_uart_message:00000018 $d
/var/folders/8x/_y6g3dfs0698dfd49y4vcg_w0000gn/T//cc9Hff2g.s:109    .rodata.HAL_CAN_RxFifo0MsgPendingCallback.str1.4:00000000 $d
/var/folders/8x/_y6g3dfs0698dfd49y4vcg_w0000gn/T//cc9Hff2g.s:116    .text.HAL_CAN_RxFifo0MsgPendingCallback:00000000 $t
/var/folders/8x/_y6g3dfs0698dfd49y4vcg_w0000gn/T//cc9Hff2g.s:122    .text.HAL_CAN_RxFifo0MsgPendingCallback:00000000 HAL_CAN_RxFifo0MsgPendingCallback
/var/folders/8x/_y6g3dfs0698dfd49y4vcg_w0000gn/T//cc9Hff2g.s:197    .text.HAL_CAN_RxFifo0MsgPendingCallback:0000003c $d
/var/folders/8x/_y6g3dfs0698dfd49y4vcg_w0000gn/T//cc9Hff2g.s:583    .bss.canRX:00000000 canRX
/var/folders/8x/_y6g3dfs0698dfd49y4vcg_w0000gn/T//cc9Hff2g.s:618    .bss.RxHeader:00000000 RxHeader
/var/folders/8x/_y6g3dfs0698dfd49y4vcg_w0000gn/T//cc9Hff2g.s:205    .text.Error_Handler:00000000 $t
/var/folders/8x/_y6g3dfs0698dfd49y4vcg_w0000gn/T//cc9Hff2g.s:211    .text.Error_Handler:00000000 Error_Handler
/var/folders/8x/_y6g3dfs0698dfd49y4vcg_w0000gn/T//cc9Hff2g.s:254    .text.Error_Handler:00000014 $d
/var/folders/8x/_y6g3dfs0698dfd49y4vcg_w0000gn/T//cc9Hff2g.s:259    .text.SystemClock_Config:00000000 $t
/var/folders/8x/_y6g3dfs0698dfd49y4vcg_w0000gn/T//cc9Hff2g.s:265    .text.SystemClock_Config:00000000 SystemClock_Config
/var/folders/8x/_y6g3dfs0698dfd49y4vcg_w0000gn/T//cc9Hff2g.s:398    .text.main:00000000 $t
/var/folders/8x/_y6g3dfs0698dfd49y4vcg_w0000gn/T//cc9Hff2g.s:404    .text.main:00000000 main
/var/folders/8x/_y6g3dfs0698dfd49y4vcg_w0000gn/T//cc9Hff2g.s:569    .text.main:000000ac $d
/var/folders/8x/_y6g3dfs0698dfd49y4vcg_w0000gn/T//cc9Hff2g.s:597    .bss.canfil:00000000 canfil
/var/folders/8x/_y6g3dfs0698dfd49y4vcg_w0000gn/T//cc9Hff2g.s:625    .bss.TxHeader:00000000 TxHeader
/var/folders/8x/_y6g3dfs0698dfd49y4vcg_w0000gn/T//cc9Hff2g.s:611    .bss.TxData:00000000 TxData
/var/folders/8x/_y6g3dfs0698dfd49y4vcg_w0000gn/T//cc9Hff2g.s:604    .bss.TxMailbox:00000000 TxMailbox
/var/folders/8x/_y6g3dfs0698dfd49y4vcg_w0000gn/T//cc9Hff2g.s:580    .bss.canRX:00000000 $d
/var/folders/8x/_y6g3dfs0698dfd49y4vcg_w0000gn/T//cc9Hff2g.s:590    .bss.canMailbox:00000000 canMailbox
/var/folders/8x/_y6g3dfs0698dfd49y4vcg_w0000gn/T//cc9Hff2g.s:587    .bss.canMailbox:00000000 $d
/var/folders/8x/_y6g3dfs0698dfd49y4vcg_w0000gn/T//cc9Hff2g.s:594    .bss.canfil:00000000 $d
/var/folders/8x/_y6g3dfs0698dfd49y4vcg_w0000gn/T//cc9Hff2g.s:601    .bss.TxMailbox:00000000 $d
/var/folders/8x/_y6g3dfs0698dfd49y4vcg_w0000gn/T//cc9Hff2g.s:608    .bss.TxData:00000000 $d
/var/folders/8x/_y6g3dfs0698dfd49y4vcg_w0000gn/T//cc9Hff2g.s:615    .bss.RxHeader:00000000 $d
/var/folders/8x/_y6g3dfs0698dfd49y4vcg_w0000gn/T//cc9Hff2g.s:622    .bss.TxHeader:00000000 $d

UNDEFINED SYMBOLS
HAL_UART_Transmit
huart1
strlen
HAL_CAN_GetRxMessage
printf
HAL_GPIO_TogglePin
HAL_Delay
memset
HAL_RCC_OscConfig
HAL_RCC_ClockConfig
HAL_RCCEx_PeriphCLKConfig
HAL_Init
MX_GPIO_Init
MX_CAN_Init
MX_I2C1_Init
MX_USART1_UART_Init
MX_USB_PCD_Init
HAL_CAN_ConfigFilter
HAL_CAN_Start
HAL_CAN_ActivateNotification
HAL_CAN_AddTxMessage
ARM GAS  /var/folders/8x/_y6g3dfs0698dfd49y4vcg_w0000gn/T//cc9Hff2g.s 			page 24


hcan
