ARM GAS  /var/folders/8x/_y6g3dfs0698dfd49y4vcg_w0000gn/T//ccWWmPjo.s 			page 1


   1              		.cpu cortex-m3
   2              		.arch armv7-m
   3              		.fpu softvfp
   4              		.eabi_attribute 20, 1
   5              		.eabi_attribute 21, 1
   6              		.eabi_attribute 23, 3
   7              		.eabi_attribute 24, 1
   8              		.eabi_attribute 25, 1
   9              		.eabi_attribute 26, 1
  10              		.eabi_attribute 30, 1
  11              		.eabi_attribute 34, 1
  12              		.eabi_attribute 18, 4
  13              		.file	"usb.c"
  14              		.text
  15              	.Ltext0:
  16              		.cfi_sections	.debug_frame
  17              		.file 1 "Core/Src/usb.c"
  18              		.section	.text.MX_USB_PCD_Init,"ax",%progbits
  19              		.align	1
  20              		.global	MX_USB_PCD_Init
  21              		.syntax unified
  22              		.thumb
  23              		.thumb_func
  25              	MX_USB_PCD_Init:
  26              	.LFB65:
   1:Core/Src/usb.c **** /* USER CODE BEGIN Header */
   2:Core/Src/usb.c **** /**
   3:Core/Src/usb.c ****   ******************************************************************************
   4:Core/Src/usb.c ****   * @file    usb.c
   5:Core/Src/usb.c ****   * @brief   This file provides code for the configuration
   6:Core/Src/usb.c ****   *          of the USB instances.
   7:Core/Src/usb.c ****   ******************************************************************************
   8:Core/Src/usb.c ****   * @attention
   9:Core/Src/usb.c ****   *
  10:Core/Src/usb.c ****   * Copyright (c) 2025 STMicroelectronics.
  11:Core/Src/usb.c ****   * All rights reserved.
  12:Core/Src/usb.c ****   *
  13:Core/Src/usb.c ****   * This software is licensed under terms that can be found in the LICENSE file
  14:Core/Src/usb.c ****   * in the root directory of this software component.
  15:Core/Src/usb.c ****   * If no LICENSE file comes with this software, it is provided AS-IS.
  16:Core/Src/usb.c ****   *
  17:Core/Src/usb.c ****   ******************************************************************************
  18:Core/Src/usb.c ****   */
  19:Core/Src/usb.c **** /* USER CODE END Header */
  20:Core/Src/usb.c **** /* Includes ------------------------------------------------------------------*/
  21:Core/Src/usb.c **** #include "usb.h"
  22:Core/Src/usb.c **** 
  23:Core/Src/usb.c **** /* USER CODE BEGIN 0 */
  24:Core/Src/usb.c **** 
  25:Core/Src/usb.c **** /* USER CODE END 0 */
  26:Core/Src/usb.c **** 
  27:Core/Src/usb.c **** PCD_HandleTypeDef hpcd_USB_FS;
  28:Core/Src/usb.c **** 
  29:Core/Src/usb.c **** /* USB init function */
  30:Core/Src/usb.c **** 
  31:Core/Src/usb.c **** void MX_USB_PCD_Init(void)
  32:Core/Src/usb.c **** {
ARM GAS  /var/folders/8x/_y6g3dfs0698dfd49y4vcg_w0000gn/T//ccWWmPjo.s 			page 2


  27              		.loc 1 32 1 view -0
  28              		.cfi_startproc
  29              		@ args = 0, pretend = 0, frame = 0
  30              		@ frame_needed = 0, uses_anonymous_args = 0
  31 0000 08B5     		push	{r3, lr}
  32              	.LCFI0:
  33              		.cfi_def_cfa_offset 8
  34              		.cfi_offset 3, -8
  35              		.cfi_offset 14, -4
  33:Core/Src/usb.c **** 
  34:Core/Src/usb.c ****   /* USER CODE BEGIN USB_Init 0 */
  35:Core/Src/usb.c **** 
  36:Core/Src/usb.c ****   /* USER CODE END USB_Init 0 */
  37:Core/Src/usb.c **** 
  38:Core/Src/usb.c ****   /* USER CODE BEGIN USB_Init 1 */
  39:Core/Src/usb.c **** 
  40:Core/Src/usb.c ****   /* USER CODE END USB_Init 1 */
  41:Core/Src/usb.c ****   hpcd_USB_FS.Instance = USB;
  36              		.loc 1 41 3 view .LVU1
  37              		.loc 1 41 24 is_stmt 0 view .LVU2
  38 0002 0948     		ldr	r0, .L5
  39 0004 094B     		ldr	r3, .L5+4
  40 0006 0360     		str	r3, [r0]
  42:Core/Src/usb.c ****   hpcd_USB_FS.Init.dev_endpoints = 8;
  41              		.loc 1 42 3 is_stmt 1 view .LVU3
  42              		.loc 1 42 34 is_stmt 0 view .LVU4
  43 0008 0823     		movs	r3, #8
  44 000a 0371     		strb	r3, [r0, #4]
  43:Core/Src/usb.c ****   hpcd_USB_FS.Init.speed = PCD_SPEED_FULL;
  45              		.loc 1 43 3 is_stmt 1 view .LVU5
  46              		.loc 1 43 26 is_stmt 0 view .LVU6
  47 000c 0223     		movs	r3, #2
  48 000e 8371     		strb	r3, [r0, #6]
  44:Core/Src/usb.c ****   hpcd_USB_FS.Init.low_power_enable = DISABLE;
  49              		.loc 1 44 3 is_stmt 1 view .LVU7
  50              		.loc 1 44 37 is_stmt 0 view .LVU8
  51 0010 0023     		movs	r3, #0
  52 0012 8372     		strb	r3, [r0, #10]
  45:Core/Src/usb.c ****   hpcd_USB_FS.Init.lpm_enable = DISABLE;
  53              		.loc 1 45 3 is_stmt 1 view .LVU9
  54              		.loc 1 45 31 is_stmt 0 view .LVU10
  55 0014 C372     		strb	r3, [r0, #11]
  46:Core/Src/usb.c ****   hpcd_USB_FS.Init.battery_charging_enable = DISABLE;
  56              		.loc 1 46 3 is_stmt 1 view .LVU11
  57              		.loc 1 46 44 is_stmt 0 view .LVU12
  58 0016 0373     		strb	r3, [r0, #12]
  47:Core/Src/usb.c ****   if (HAL_PCD_Init(&hpcd_USB_FS) != HAL_OK)
  59              		.loc 1 47 3 is_stmt 1 view .LVU13
  60              		.loc 1 47 7 is_stmt 0 view .LVU14
  61 0018 FFF7FEFF 		bl	HAL_PCD_Init
  62              	.LVL0:
  63              		.loc 1 47 6 discriminator 1 view .LVU15
  64 001c 00B9     		cbnz	r0, .L4
  65              	.L1:
  48:Core/Src/usb.c ****   {
  49:Core/Src/usb.c ****     Error_Handler();
  50:Core/Src/usb.c ****   }
ARM GAS  /var/folders/8x/_y6g3dfs0698dfd49y4vcg_w0000gn/T//ccWWmPjo.s 			page 3


  51:Core/Src/usb.c ****   /* USER CODE BEGIN USB_Init 2 */
  52:Core/Src/usb.c **** 
  53:Core/Src/usb.c ****   /* USER CODE END USB_Init 2 */
  54:Core/Src/usb.c **** 
  55:Core/Src/usb.c **** }
  66              		.loc 1 55 1 view .LVU16
  67 001e 08BD     		pop	{r3, pc}
  68              	.L4:
  49:Core/Src/usb.c ****   }
  69              		.loc 1 49 5 is_stmt 1 view .LVU17
  70 0020 FFF7FEFF 		bl	Error_Handler
  71              	.LVL1:
  72              		.loc 1 55 1 is_stmt 0 view .LVU18
  73 0024 FBE7     		b	.L1
  74              	.L6:
  75 0026 00BF     		.align	2
  76              	.L5:
  77 0028 00000000 		.word	hpcd_USB_FS
  78 002c 005C0040 		.word	1073765376
  79              		.cfi_endproc
  80              	.LFE65:
  82              		.section	.text.HAL_PCD_MspInit,"ax",%progbits
  83              		.align	1
  84              		.global	HAL_PCD_MspInit
  85              		.syntax unified
  86              		.thumb
  87              		.thumb_func
  89              	HAL_PCD_MspInit:
  90              	.LVL2:
  91              	.LFB66:
  56:Core/Src/usb.c **** 
  57:Core/Src/usb.c **** void HAL_PCD_MspInit(PCD_HandleTypeDef* pcdHandle)
  58:Core/Src/usb.c **** {
  92              		.loc 1 58 1 is_stmt 1 view -0
  93              		.cfi_startproc
  94              		@ args = 0, pretend = 0, frame = 8
  95              		@ frame_needed = 0, uses_anonymous_args = 0
  59:Core/Src/usb.c **** 
  60:Core/Src/usb.c ****   if(pcdHandle->Instance==USB)
  96              		.loc 1 60 3 view .LVU20
  97              		.loc 1 60 15 is_stmt 0 view .LVU21
  98 0000 0268     		ldr	r2, [r0]
  99              		.loc 1 60 5 view .LVU22
 100 0002 0E4B     		ldr	r3, .L14
 101 0004 9A42     		cmp	r2, r3
 102 0006 00D0     		beq	.L13
 103 0008 7047     		bx	lr
 104              	.L13:
  58:Core/Src/usb.c **** 
 105              		.loc 1 58 1 view .LVU23
 106 000a 00B5     		push	{lr}
 107              	.LCFI1:
 108              		.cfi_def_cfa_offset 4
 109              		.cfi_offset 14, -4
 110 000c 83B0     		sub	sp, sp, #12
 111              	.LCFI2:
 112              		.cfi_def_cfa_offset 16
ARM GAS  /var/folders/8x/_y6g3dfs0698dfd49y4vcg_w0000gn/T//ccWWmPjo.s 			page 4


  61:Core/Src/usb.c ****   {
  62:Core/Src/usb.c ****   /* USER CODE BEGIN USB_MspInit 0 */
  63:Core/Src/usb.c **** 
  64:Core/Src/usb.c ****   /* USER CODE END USB_MspInit 0 */
  65:Core/Src/usb.c ****     /* USB clock enable */
  66:Core/Src/usb.c ****     __HAL_RCC_USB_CLK_ENABLE();
 113              		.loc 1 66 5 is_stmt 1 view .LVU24
 114              	.LBB2:
 115              		.loc 1 66 5 view .LVU25
 116              		.loc 1 66 5 view .LVU26
 117 000e 03F5DA33 		add	r3, r3, #111616
 118 0012 DA69     		ldr	r2, [r3, #28]
 119 0014 42F40002 		orr	r2, r2, #8388608
 120 0018 DA61     		str	r2, [r3, #28]
 121              		.loc 1 66 5 view .LVU27
 122 001a DB69     		ldr	r3, [r3, #28]
 123 001c 03F40003 		and	r3, r3, #8388608
 124 0020 0193     		str	r3, [sp, #4]
 125              		.loc 1 66 5 view .LVU28
 126 0022 019B     		ldr	r3, [sp, #4]
 127              	.LBE2:
 128              		.loc 1 66 5 view .LVU29
  67:Core/Src/usb.c **** 
  68:Core/Src/usb.c ****     /* USB interrupt Init */
  69:Core/Src/usb.c ****     HAL_NVIC_SetPriority(USB_LP_CAN1_RX0_IRQn, 0, 0);
 129              		.loc 1 69 5 view .LVU30
 130 0024 0022     		movs	r2, #0
 131 0026 1146     		mov	r1, r2
 132 0028 1420     		movs	r0, #20
 133              	.LVL3:
 134              		.loc 1 69 5 is_stmt 0 view .LVU31
 135 002a FFF7FEFF 		bl	HAL_NVIC_SetPriority
 136              	.LVL4:
  70:Core/Src/usb.c ****     HAL_NVIC_EnableIRQ(USB_LP_CAN1_RX0_IRQn);
 137              		.loc 1 70 5 is_stmt 1 view .LVU32
 138 002e 1420     		movs	r0, #20
 139 0030 FFF7FEFF 		bl	HAL_NVIC_EnableIRQ
 140              	.LVL5:
  71:Core/Src/usb.c ****   /* USER CODE BEGIN USB_MspInit 1 */
  72:Core/Src/usb.c **** 
  73:Core/Src/usb.c ****   /* USER CODE END USB_MspInit 1 */
  74:Core/Src/usb.c ****   }
  75:Core/Src/usb.c **** }
 141              		.loc 1 75 1 is_stmt 0 view .LVU33
 142 0034 03B0     		add	sp, sp, #12
 143              	.LCFI3:
 144              		.cfi_def_cfa_offset 4
 145              		@ sp needed
 146 0036 5DF804FB 		ldr	pc, [sp], #4
 147              	.L15:
 148 003a 00BF     		.align	2
 149              	.L14:
 150 003c 005C0040 		.word	1073765376
 151              		.cfi_endproc
 152              	.LFE66:
 154              		.section	.text.HAL_PCD_MspDeInit,"ax",%progbits
 155              		.align	1
ARM GAS  /var/folders/8x/_y6g3dfs0698dfd49y4vcg_w0000gn/T//ccWWmPjo.s 			page 5


 156              		.global	HAL_PCD_MspDeInit
 157              		.syntax unified
 158              		.thumb
 159              		.thumb_func
 161              	HAL_PCD_MspDeInit:
 162              	.LVL6:
 163              	.LFB67:
  76:Core/Src/usb.c **** 
  77:Core/Src/usb.c **** void HAL_PCD_MspDeInit(PCD_HandleTypeDef* pcdHandle)
  78:Core/Src/usb.c **** {
 164              		.loc 1 78 1 is_stmt 1 view -0
 165              		.cfi_startproc
 166              		@ args = 0, pretend = 0, frame = 0
 167              		@ frame_needed = 0, uses_anonymous_args = 0
 168              		@ link register save eliminated.
  79:Core/Src/usb.c **** 
  80:Core/Src/usb.c ****   if(pcdHandle->Instance==USB)
 169              		.loc 1 80 3 view .LVU35
 170              		.loc 1 80 15 is_stmt 0 view .LVU36
 171 0000 0268     		ldr	r2, [r0]
 172              		.loc 1 80 5 view .LVU37
 173 0002 054B     		ldr	r3, .L19
 174 0004 9A42     		cmp	r2, r3
 175 0006 00D0     		beq	.L18
 176              	.L16:
  81:Core/Src/usb.c ****   {
  82:Core/Src/usb.c ****   /* USER CODE BEGIN USB_MspDeInit 0 */
  83:Core/Src/usb.c **** 
  84:Core/Src/usb.c ****   /* USER CODE END USB_MspDeInit 0 */
  85:Core/Src/usb.c ****     /* Peripheral clock disable */
  86:Core/Src/usb.c ****     __HAL_RCC_USB_CLK_DISABLE();
  87:Core/Src/usb.c **** 
  88:Core/Src/usb.c ****     /* USB interrupt Deinit */
  89:Core/Src/usb.c ****   /* USER CODE BEGIN USB:USB_LP_CAN1_RX0_IRQn disable */
  90:Core/Src/usb.c ****     /**
  91:Core/Src/usb.c ****     * Uncomment the line below to disable the "USB_LP_CAN1_RX0_IRQn" interrupt
  92:Core/Src/usb.c ****     * Be aware, disabling shared interrupt may affect other IPs
  93:Core/Src/usb.c ****     */
  94:Core/Src/usb.c ****     /* HAL_NVIC_DisableIRQ(USB_LP_CAN1_RX0_IRQn); */
  95:Core/Src/usb.c ****   /* USER CODE END USB:USB_LP_CAN1_RX0_IRQn disable */
  96:Core/Src/usb.c **** 
  97:Core/Src/usb.c ****   /* USER CODE BEGIN USB_MspDeInit 1 */
  98:Core/Src/usb.c **** 
  99:Core/Src/usb.c ****   /* USER CODE END USB_MspDeInit 1 */
 100:Core/Src/usb.c ****   }
 101:Core/Src/usb.c **** }
 177              		.loc 1 101 1 view .LVU38
 178 0008 7047     		bx	lr
 179              	.L18:
  86:Core/Src/usb.c **** 
 180              		.loc 1 86 5 is_stmt 1 view .LVU39
 181 000a 044A     		ldr	r2, .L19+4
 182 000c D369     		ldr	r3, [r2, #28]
 183 000e 23F40003 		bic	r3, r3, #8388608
 184 0012 D361     		str	r3, [r2, #28]
 185              		.loc 1 101 1 is_stmt 0 view .LVU40
 186 0014 F8E7     		b	.L16
ARM GAS  /var/folders/8x/_y6g3dfs0698dfd49y4vcg_w0000gn/T//ccWWmPjo.s 			page 6


 187              	.L20:
 188 0016 00BF     		.align	2
 189              	.L19:
 190 0018 005C0040 		.word	1073765376
 191 001c 00100240 		.word	1073876992
 192              		.cfi_endproc
 193              	.LFE67:
 195              		.global	hpcd_USB_FS
 196              		.section	.bss.hpcd_USB_FS,"aw",%nobits
 197              		.align	2
 200              	hpcd_USB_FS:
 201 0000 00000000 		.space	728
 201      00000000 
 201      00000000 
 201      00000000 
 201      00000000 
 202              		.text
 203              	.Letext0:
 204              		.file 2 "Drivers/CMSIS/Device/ST/STM32F1xx/Include/stm32f103xb.h"
 205              		.file 3 "/Applications/ArmGNUToolchain/13.3.rel1/arm-none-eabi/arm-none-eabi/include/machine/_defa
 206              		.file 4 "/Applications/ArmGNUToolchain/13.3.rel1/arm-none-eabi/arm-none-eabi/include/sys/_stdint.h
 207              		.file 5 "Drivers/CMSIS/Device/ST/STM32F1xx/Include/stm32f1xx.h"
 208              		.file 6 "Drivers/STM32F1xx_HAL_Driver/Inc/stm32f1xx_hal_def.h"
 209              		.file 7 "Drivers/STM32F1xx_HAL_Driver/Inc/stm32f1xx_ll_usb.h"
 210              		.file 8 "Drivers/STM32F1xx_HAL_Driver/Inc/stm32f1xx_hal_pcd.h"
 211              		.file 9 "Drivers/STM32F1xx_HAL_Driver/Inc/stm32f1xx_hal_cortex.h"
 212              		.file 10 "Core/Inc/usb.h"
 213              		.file 11 "Core/Inc/main.h"
ARM GAS  /var/folders/8x/_y6g3dfs0698dfd49y4vcg_w0000gn/T//ccWWmPjo.s 			page 7


DEFINED SYMBOLS
                            *ABS*:00000000 usb.c
/var/folders/8x/_y6g3dfs0698dfd49y4vcg_w0000gn/T//ccWWmPjo.s:19     .text.MX_USB_PCD_Init:00000000 $t
/var/folders/8x/_y6g3dfs0698dfd49y4vcg_w0000gn/T//ccWWmPjo.s:25     .text.MX_USB_PCD_Init:00000000 MX_USB_PCD_Init
/var/folders/8x/_y6g3dfs0698dfd49y4vcg_w0000gn/T//ccWWmPjo.s:77     .text.MX_USB_PCD_Init:00000028 $d
/var/folders/8x/_y6g3dfs0698dfd49y4vcg_w0000gn/T//ccWWmPjo.s:200    .bss.hpcd_USB_FS:00000000 hpcd_USB_FS
/var/folders/8x/_y6g3dfs0698dfd49y4vcg_w0000gn/T//ccWWmPjo.s:83     .text.HAL_PCD_MspInit:00000000 $t
/var/folders/8x/_y6g3dfs0698dfd49y4vcg_w0000gn/T//ccWWmPjo.s:89     .text.HAL_PCD_MspInit:00000000 HAL_PCD_MspInit
/var/folders/8x/_y6g3dfs0698dfd49y4vcg_w0000gn/T//ccWWmPjo.s:150    .text.HAL_PCD_MspInit:0000003c $d
/var/folders/8x/_y6g3dfs0698dfd49y4vcg_w0000gn/T//ccWWmPjo.s:155    .text.HAL_PCD_MspDeInit:00000000 $t
/var/folders/8x/_y6g3dfs0698dfd49y4vcg_w0000gn/T//ccWWmPjo.s:161    .text.HAL_PCD_MspDeInit:00000000 HAL_PCD_MspDeInit
/var/folders/8x/_y6g3dfs0698dfd49y4vcg_w0000gn/T//ccWWmPjo.s:190    .text.HAL_PCD_MspDeInit:00000018 $d
/var/folders/8x/_y6g3dfs0698dfd49y4vcg_w0000gn/T//ccWWmPjo.s:197    .bss.hpcd_USB_FS:00000000 $d

UNDEFINED SYMBOLS
HAL_PCD_Init
Error_Handler
HAL_NVIC_SetPriority
HAL_NVIC_EnableIRQ
