ARM GAS  /var/folders/8x/_y6g3dfs0698dfd49y4vcg_w0000gn/T//ccJ2r9GC.s 			page 1


   1              		.cpu cortex-m3
   2              		.arch armv7-m
   3              		.fpu softvfp
   4              		.eabi_attribute 20, 1
   5              		.eabi_attribute 21, 1
   6              		.eabi_attribute 23, 3
   7              		.eabi_attribute 24, 1
   8              		.eabi_attribute 25, 1
   9              		.eabi_attribute 26, 1
  10              		.eabi_attribute 30, 1
  11              		.eabi_attribute 34, 1
  12              		.eabi_attribute 18, 4
  13              		.file	"can.c"
  14              		.text
  15              	.Ltext0:
  16              		.cfi_sections	.debug_frame
  17              		.file 1 "Core/Src/can.c"
  18              		.section	.text.MX_CAN_Init,"ax",%progbits
  19              		.align	1
  20              		.global	MX_CAN_Init
  21              		.syntax unified
  22              		.thumb
  23              		.thumb_func
  25              	MX_CAN_Init:
  26              	.LFB65:
   1:Core/Src/can.c **** /* USER CODE BEGIN Header */
   2:Core/Src/can.c **** /**
   3:Core/Src/can.c ****   ******************************************************************************
   4:Core/Src/can.c ****   * @file    can.c
   5:Core/Src/can.c ****   * @brief   This file provides code for the configuration
   6:Core/Src/can.c ****   *          of the CAN instances.
   7:Core/Src/can.c ****   ******************************************************************************
   8:Core/Src/can.c ****   * @attention
   9:Core/Src/can.c ****   *
  10:Core/Src/can.c ****   * Copyright (c) 2025 STMicroelectronics.
  11:Core/Src/can.c ****   * All rights reserved.
  12:Core/Src/can.c ****   *
  13:Core/Src/can.c ****   * This software is licensed under terms that can be found in the LICENSE file
  14:Core/Src/can.c ****   * in the root directory of this software component.
  15:Core/Src/can.c ****   * If no LICENSE file comes with this software, it is provided AS-IS.
  16:Core/Src/can.c ****   *
  17:Core/Src/can.c ****   ******************************************************************************
  18:Core/Src/can.c ****   */
  19:Core/Src/can.c **** /* USER CODE END Header */
  20:Core/Src/can.c **** /* Includes ------------------------------------------------------------------*/
  21:Core/Src/can.c **** #include "can.h"
  22:Core/Src/can.c **** 
  23:Core/Src/can.c **** /* USER CODE BEGIN 0 */
  24:Core/Src/can.c **** 
  25:Core/Src/can.c **** /* USER CODE END 0 */
  26:Core/Src/can.c **** 
  27:Core/Src/can.c **** CAN_HandleTypeDef hcan;
  28:Core/Src/can.c **** 
  29:Core/Src/can.c **** /* CAN init function */
  30:Core/Src/can.c **** void MX_CAN_Init(void)
  31:Core/Src/can.c **** {
  27              		.loc 1 31 1 view -0
ARM GAS  /var/folders/8x/_y6g3dfs0698dfd49y4vcg_w0000gn/T//ccJ2r9GC.s 			page 2


  28              		.cfi_startproc
  29              		@ args = 0, pretend = 0, frame = 0
  30              		@ frame_needed = 0, uses_anonymous_args = 0
  31 0000 08B5     		push	{r3, lr}
  32              	.LCFI0:
  33              		.cfi_def_cfa_offset 8
  34              		.cfi_offset 3, -8
  35              		.cfi_offset 14, -4
  32:Core/Src/can.c **** 
  33:Core/Src/can.c ****   /* USER CODE BEGIN CAN_Init 0 */
  34:Core/Src/can.c **** 
  35:Core/Src/can.c ****   /* USER CODE END CAN_Init 0 */
  36:Core/Src/can.c **** 
  37:Core/Src/can.c ****   /* USER CODE BEGIN CAN_Init 1 */
  38:Core/Src/can.c **** 
  39:Core/Src/can.c ****   /* USER CODE END CAN_Init 1 */
  40:Core/Src/can.c ****   hcan.Instance = CAN1;
  36              		.loc 1 40 3 view .LVU1
  37              		.loc 1 40 17 is_stmt 0 view .LVU2
  38 0002 0F48     		ldr	r0, .L5
  39 0004 0F4B     		ldr	r3, .L5+4
  40 0006 0360     		str	r3, [r0]
  41:Core/Src/can.c ****   hcan.Init.Prescaler = 8;
  41              		.loc 1 41 3 is_stmt 1 view .LVU3
  42              		.loc 1 41 23 is_stmt 0 view .LVU4
  43 0008 0823     		movs	r3, #8
  44 000a 4360     		str	r3, [r0, #4]
  42:Core/Src/can.c ****   hcan.Init.Mode = CAN_MODE_NORMAL;
  45              		.loc 1 42 3 is_stmt 1 view .LVU5
  46              		.loc 1 42 18 is_stmt 0 view .LVU6
  47 000c 0023     		movs	r3, #0
  48 000e 8360     		str	r3, [r0, #8]
  43:Core/Src/can.c ****   hcan.Init.SyncJumpWidth = CAN_SJW_2TQ;
  49              		.loc 1 43 3 is_stmt 1 view .LVU7
  50              		.loc 1 43 27 is_stmt 0 view .LVU8
  51 0010 4FF08072 		mov	r2, #16777216
  52 0014 C260     		str	r2, [r0, #12]
  44:Core/Src/can.c ****   hcan.Init.TimeSeg1 = CAN_BS1_4TQ;
  53              		.loc 1 44 3 is_stmt 1 view .LVU9
  54              		.loc 1 44 22 is_stmt 0 view .LVU10
  55 0016 4FF44032 		mov	r2, #196608
  56 001a 0261     		str	r2, [r0, #16]
  45:Core/Src/can.c ****   hcan.Init.TimeSeg2 = CAN_BS2_4TQ;
  57              		.loc 1 45 3 is_stmt 1 view .LVU11
  58              		.loc 1 45 22 is_stmt 0 view .LVU12
  59 001c 4FF44012 		mov	r2, #3145728
  60 0020 4261     		str	r2, [r0, #20]
  46:Core/Src/can.c ****   hcan.Init.TimeTriggeredMode = DISABLE;
  61              		.loc 1 46 3 is_stmt 1 view .LVU13
  62              		.loc 1 46 31 is_stmt 0 view .LVU14
  63 0022 0376     		strb	r3, [r0, #24]
  47:Core/Src/can.c ****   hcan.Init.AutoBusOff = DISABLE;
  64              		.loc 1 47 3 is_stmt 1 view .LVU15
  65              		.loc 1 47 24 is_stmt 0 view .LVU16
  66 0024 4376     		strb	r3, [r0, #25]
  48:Core/Src/can.c ****   hcan.Init.AutoWakeUp = DISABLE;
  67              		.loc 1 48 3 is_stmt 1 view .LVU17
ARM GAS  /var/folders/8x/_y6g3dfs0698dfd49y4vcg_w0000gn/T//ccJ2r9GC.s 			page 3


  68              		.loc 1 48 24 is_stmt 0 view .LVU18
  69 0026 8376     		strb	r3, [r0, #26]
  49:Core/Src/can.c ****   hcan.Init.AutoRetransmission = ENABLE;
  70              		.loc 1 49 3 is_stmt 1 view .LVU19
  71              		.loc 1 49 32 is_stmt 0 view .LVU20
  72 0028 0122     		movs	r2, #1
  73 002a C276     		strb	r2, [r0, #27]
  50:Core/Src/can.c ****   hcan.Init.ReceiveFifoLocked = DISABLE;
  74              		.loc 1 50 3 is_stmt 1 view .LVU21
  75              		.loc 1 50 31 is_stmt 0 view .LVU22
  76 002c 0377     		strb	r3, [r0, #28]
  51:Core/Src/can.c ****   hcan.Init.TransmitFifoPriority = DISABLE;
  77              		.loc 1 51 3 is_stmt 1 view .LVU23
  78              		.loc 1 51 34 is_stmt 0 view .LVU24
  79 002e 4377     		strb	r3, [r0, #29]
  52:Core/Src/can.c ****   if (HAL_CAN_Init(&hcan) != HAL_OK)
  80              		.loc 1 52 3 is_stmt 1 view .LVU25
  81              		.loc 1 52 7 is_stmt 0 view .LVU26
  82 0030 FFF7FEFF 		bl	HAL_CAN_Init
  83              	.LVL0:
  84              		.loc 1 52 6 discriminator 1 view .LVU27
  85 0034 00B9     		cbnz	r0, .L4
  86              	.L1:
  53:Core/Src/can.c ****   {
  54:Core/Src/can.c ****     Error_Handler();
  55:Core/Src/can.c ****   }
  56:Core/Src/can.c ****   /* USER CODE BEGIN CAN_Init 2 */
  57:Core/Src/can.c **** 
  58:Core/Src/can.c ****   /* USER CODE END CAN_Init 2 */
  59:Core/Src/can.c **** 
  60:Core/Src/can.c **** }
  87              		.loc 1 60 1 view .LVU28
  88 0036 08BD     		pop	{r3, pc}
  89              	.L4:
  54:Core/Src/can.c ****   }
  90              		.loc 1 54 5 is_stmt 1 view .LVU29
  91 0038 FFF7FEFF 		bl	Error_Handler
  92              	.LVL1:
  93              		.loc 1 60 1 is_stmt 0 view .LVU30
  94 003c FBE7     		b	.L1
  95              	.L6:
  96 003e 00BF     		.align	2
  97              	.L5:
  98 0040 00000000 		.word	hcan
  99 0044 00640040 		.word	1073767424
 100              		.cfi_endproc
 101              	.LFE65:
 103              		.section	.text.HAL_CAN_MspInit,"ax",%progbits
 104              		.align	1
 105              		.global	HAL_CAN_MspInit
 106              		.syntax unified
 107              		.thumb
 108              		.thumb_func
 110              	HAL_CAN_MspInit:
 111              	.LVL2:
 112              	.LFB66:
  61:Core/Src/can.c **** 
ARM GAS  /var/folders/8x/_y6g3dfs0698dfd49y4vcg_w0000gn/T//ccJ2r9GC.s 			page 4


  62:Core/Src/can.c **** void HAL_CAN_MspInit(CAN_HandleTypeDef* canHandle)
  63:Core/Src/can.c **** {
 113              		.loc 1 63 1 is_stmt 1 view -0
 114              		.cfi_startproc
 115              		@ args = 0, pretend = 0, frame = 24
 116              		@ frame_needed = 0, uses_anonymous_args = 0
 117              		.loc 1 63 1 is_stmt 0 view .LVU32
 118 0000 10B5     		push	{r4, lr}
 119              	.LCFI1:
 120              		.cfi_def_cfa_offset 8
 121              		.cfi_offset 4, -8
 122              		.cfi_offset 14, -4
 123 0002 86B0     		sub	sp, sp, #24
 124              	.LCFI2:
 125              		.cfi_def_cfa_offset 32
  64:Core/Src/can.c **** 
  65:Core/Src/can.c ****   GPIO_InitTypeDef GPIO_InitStruct = {0};
 126              		.loc 1 65 3 is_stmt 1 view .LVU33
 127              		.loc 1 65 20 is_stmt 0 view .LVU34
 128 0004 0023     		movs	r3, #0
 129 0006 0293     		str	r3, [sp, #8]
 130 0008 0393     		str	r3, [sp, #12]
 131 000a 0493     		str	r3, [sp, #16]
 132 000c 0593     		str	r3, [sp, #20]
  66:Core/Src/can.c ****   if(canHandle->Instance==CAN1)
 133              		.loc 1 66 3 is_stmt 1 view .LVU35
 134              		.loc 1 66 15 is_stmt 0 view .LVU36
 135 000e 0268     		ldr	r2, [r0]
 136              		.loc 1 66 5 view .LVU37
 137 0010 1A4B     		ldr	r3, .L11
 138 0012 9A42     		cmp	r2, r3
 139 0014 01D0     		beq	.L10
 140              	.LVL3:
 141              	.L7:
  67:Core/Src/can.c ****   {
  68:Core/Src/can.c ****   /* USER CODE BEGIN CAN1_MspInit 0 */
  69:Core/Src/can.c **** 
  70:Core/Src/can.c ****   /* USER CODE END CAN1_MspInit 0 */
  71:Core/Src/can.c ****     /* CAN1 clock enable */
  72:Core/Src/can.c ****     __HAL_RCC_CAN1_CLK_ENABLE();
  73:Core/Src/can.c **** 
  74:Core/Src/can.c ****     __HAL_RCC_GPIOA_CLK_ENABLE();
  75:Core/Src/can.c ****     /**CAN GPIO Configuration
  76:Core/Src/can.c ****     PA11     ------> CAN_RX
  77:Core/Src/can.c ****     PA12     ------> CAN_TX
  78:Core/Src/can.c ****     */
  79:Core/Src/can.c ****     GPIO_InitStruct.Pin = GPIO_PIN_11;
  80:Core/Src/can.c ****     GPIO_InitStruct.Mode = GPIO_MODE_INPUT;
  81:Core/Src/can.c ****     GPIO_InitStruct.Pull = GPIO_NOPULL;
  82:Core/Src/can.c ****     HAL_GPIO_Init(GPIOA, &GPIO_InitStruct);
  83:Core/Src/can.c **** 
  84:Core/Src/can.c ****     GPIO_InitStruct.Pin = GPIO_PIN_12;
  85:Core/Src/can.c ****     GPIO_InitStruct.Mode = GPIO_MODE_AF_PP;
  86:Core/Src/can.c ****     GPIO_InitStruct.Speed = GPIO_SPEED_FREQ_HIGH;
  87:Core/Src/can.c ****     HAL_GPIO_Init(GPIOA, &GPIO_InitStruct);
  88:Core/Src/can.c **** 
  89:Core/Src/can.c ****     /* CAN1 interrupt Init */
ARM GAS  /var/folders/8x/_y6g3dfs0698dfd49y4vcg_w0000gn/T//ccJ2r9GC.s 			page 5


  90:Core/Src/can.c ****     HAL_NVIC_SetPriority(USB_LP_CAN1_RX0_IRQn, 0, 0);
  91:Core/Src/can.c ****     HAL_NVIC_EnableIRQ(USB_LP_CAN1_RX0_IRQn);
  92:Core/Src/can.c ****   /* USER CODE BEGIN CAN1_MspInit 1 */
  93:Core/Src/can.c **** 
  94:Core/Src/can.c ****   /* USER CODE END CAN1_MspInit 1 */
  95:Core/Src/can.c ****   }
  96:Core/Src/can.c **** }
 142              		.loc 1 96 1 view .LVU38
 143 0016 06B0     		add	sp, sp, #24
 144              	.LCFI3:
 145              		.cfi_remember_state
 146              		.cfi_def_cfa_offset 8
 147              		@ sp needed
 148 0018 10BD     		pop	{r4, pc}
 149              	.LVL4:
 150              	.L10:
 151              	.LCFI4:
 152              		.cfi_restore_state
  72:Core/Src/can.c **** 
 153              		.loc 1 72 5 is_stmt 1 view .LVU39
 154              	.LBB2:
  72:Core/Src/can.c **** 
 155              		.loc 1 72 5 view .LVU40
  72:Core/Src/can.c **** 
 156              		.loc 1 72 5 view .LVU41
 157 001a 03F5D633 		add	r3, r3, #109568
 158 001e DA69     		ldr	r2, [r3, #28]
 159 0020 42F00072 		orr	r2, r2, #33554432
 160 0024 DA61     		str	r2, [r3, #28]
  72:Core/Src/can.c **** 
 161              		.loc 1 72 5 view .LVU42
 162 0026 DA69     		ldr	r2, [r3, #28]
 163 0028 02F00072 		and	r2, r2, #33554432
 164 002c 0092     		str	r2, [sp]
  72:Core/Src/can.c **** 
 165              		.loc 1 72 5 view .LVU43
 166 002e 009A     		ldr	r2, [sp]
 167              	.LBE2:
  72:Core/Src/can.c **** 
 168              		.loc 1 72 5 view .LVU44
  74:Core/Src/can.c ****     /**CAN GPIO Configuration
 169              		.loc 1 74 5 view .LVU45
 170              	.LBB3:
  74:Core/Src/can.c ****     /**CAN GPIO Configuration
 171              		.loc 1 74 5 view .LVU46
  74:Core/Src/can.c ****     /**CAN GPIO Configuration
 172              		.loc 1 74 5 view .LVU47
 173 0030 9A69     		ldr	r2, [r3, #24]
 174 0032 42F00402 		orr	r2, r2, #4
 175 0036 9A61     		str	r2, [r3, #24]
  74:Core/Src/can.c ****     /**CAN GPIO Configuration
 176              		.loc 1 74 5 view .LVU48
 177 0038 9B69     		ldr	r3, [r3, #24]
 178 003a 03F00403 		and	r3, r3, #4
 179 003e 0193     		str	r3, [sp, #4]
  74:Core/Src/can.c ****     /**CAN GPIO Configuration
 180              		.loc 1 74 5 view .LVU49
ARM GAS  /var/folders/8x/_y6g3dfs0698dfd49y4vcg_w0000gn/T//ccJ2r9GC.s 			page 6


 181 0040 019B     		ldr	r3, [sp, #4]
 182              	.LBE3:
  74:Core/Src/can.c ****     /**CAN GPIO Configuration
 183              		.loc 1 74 5 view .LVU50
  79:Core/Src/can.c ****     GPIO_InitStruct.Mode = GPIO_MODE_INPUT;
 184              		.loc 1 79 5 view .LVU51
  79:Core/Src/can.c ****     GPIO_InitStruct.Mode = GPIO_MODE_INPUT;
 185              		.loc 1 79 25 is_stmt 0 view .LVU52
 186 0042 4FF40063 		mov	r3, #2048
 187 0046 0293     		str	r3, [sp, #8]
  80:Core/Src/can.c ****     GPIO_InitStruct.Pull = GPIO_NOPULL;
 188              		.loc 1 80 5 is_stmt 1 view .LVU53
  81:Core/Src/can.c ****     HAL_GPIO_Init(GPIOA, &GPIO_InitStruct);
 189              		.loc 1 81 5 view .LVU54
  82:Core/Src/can.c **** 
 190              		.loc 1 82 5 view .LVU55
 191 0048 0D4C     		ldr	r4, .L11+4
 192 004a 02A9     		add	r1, sp, #8
 193 004c 2046     		mov	r0, r4
 194              	.LVL5:
  82:Core/Src/can.c **** 
 195              		.loc 1 82 5 is_stmt 0 view .LVU56
 196 004e FFF7FEFF 		bl	HAL_GPIO_Init
 197              	.LVL6:
  84:Core/Src/can.c ****     GPIO_InitStruct.Mode = GPIO_MODE_AF_PP;
 198              		.loc 1 84 5 is_stmt 1 view .LVU57
  84:Core/Src/can.c ****     GPIO_InitStruct.Mode = GPIO_MODE_AF_PP;
 199              		.loc 1 84 25 is_stmt 0 view .LVU58
 200 0052 4FF48053 		mov	r3, #4096
 201 0056 0293     		str	r3, [sp, #8]
  85:Core/Src/can.c ****     GPIO_InitStruct.Speed = GPIO_SPEED_FREQ_HIGH;
 202              		.loc 1 85 5 is_stmt 1 view .LVU59
  85:Core/Src/can.c ****     GPIO_InitStruct.Speed = GPIO_SPEED_FREQ_HIGH;
 203              		.loc 1 85 26 is_stmt 0 view .LVU60
 204 0058 0223     		movs	r3, #2
 205 005a 0393     		str	r3, [sp, #12]
  86:Core/Src/can.c ****     HAL_GPIO_Init(GPIOA, &GPIO_InitStruct);
 206              		.loc 1 86 5 is_stmt 1 view .LVU61
  86:Core/Src/can.c ****     HAL_GPIO_Init(GPIOA, &GPIO_InitStruct);
 207              		.loc 1 86 27 is_stmt 0 view .LVU62
 208 005c 0323     		movs	r3, #3
 209 005e 0593     		str	r3, [sp, #20]
  87:Core/Src/can.c **** 
 210              		.loc 1 87 5 is_stmt 1 view .LVU63
 211 0060 02A9     		add	r1, sp, #8
 212 0062 2046     		mov	r0, r4
 213 0064 FFF7FEFF 		bl	HAL_GPIO_Init
 214              	.LVL7:
  90:Core/Src/can.c ****     HAL_NVIC_EnableIRQ(USB_LP_CAN1_RX0_IRQn);
 215              		.loc 1 90 5 view .LVU64
 216 0068 0022     		movs	r2, #0
 217 006a 1146     		mov	r1, r2
 218 006c 1420     		movs	r0, #20
 219 006e FFF7FEFF 		bl	HAL_NVIC_SetPriority
 220              	.LVL8:
  91:Core/Src/can.c ****   /* USER CODE BEGIN CAN1_MspInit 1 */
 221              		.loc 1 91 5 view .LVU65
ARM GAS  /var/folders/8x/_y6g3dfs0698dfd49y4vcg_w0000gn/T//ccJ2r9GC.s 			page 7


 222 0072 1420     		movs	r0, #20
 223 0074 FFF7FEFF 		bl	HAL_NVIC_EnableIRQ
 224              	.LVL9:
 225              		.loc 1 96 1 is_stmt 0 view .LVU66
 226 0078 CDE7     		b	.L7
 227              	.L12:
 228 007a 00BF     		.align	2
 229              	.L11:
 230 007c 00640040 		.word	1073767424
 231 0080 00080140 		.word	1073809408
 232              		.cfi_endproc
 233              	.LFE66:
 235              		.section	.text.HAL_CAN_MspDeInit,"ax",%progbits
 236              		.align	1
 237              		.global	HAL_CAN_MspDeInit
 238              		.syntax unified
 239              		.thumb
 240              		.thumb_func
 242              	HAL_CAN_MspDeInit:
 243              	.LVL10:
 244              	.LFB67:
  97:Core/Src/can.c **** 
  98:Core/Src/can.c **** void HAL_CAN_MspDeInit(CAN_HandleTypeDef* canHandle)
  99:Core/Src/can.c **** {
 245              		.loc 1 99 1 is_stmt 1 view -0
 246              		.cfi_startproc
 247              		@ args = 0, pretend = 0, frame = 0
 248              		@ frame_needed = 0, uses_anonymous_args = 0
 249              		.loc 1 99 1 is_stmt 0 view .LVU68
 250 0000 08B5     		push	{r3, lr}
 251              	.LCFI5:
 252              		.cfi_def_cfa_offset 8
 253              		.cfi_offset 3, -8
 254              		.cfi_offset 14, -4
 100:Core/Src/can.c **** 
 101:Core/Src/can.c ****   if(canHandle->Instance==CAN1)
 255              		.loc 1 101 3 is_stmt 1 view .LVU69
 256              		.loc 1 101 15 is_stmt 0 view .LVU70
 257 0002 0268     		ldr	r2, [r0]
 258              		.loc 1 101 5 view .LVU71
 259 0004 084B     		ldr	r3, .L17
 260 0006 9A42     		cmp	r2, r3
 261 0008 00D0     		beq	.L16
 262              	.LVL11:
 263              	.L13:
 102:Core/Src/can.c ****   {
 103:Core/Src/can.c ****   /* USER CODE BEGIN CAN1_MspDeInit 0 */
 104:Core/Src/can.c **** 
 105:Core/Src/can.c ****   /* USER CODE END CAN1_MspDeInit 0 */
 106:Core/Src/can.c ****     /* Peripheral clock disable */
 107:Core/Src/can.c ****     __HAL_RCC_CAN1_CLK_DISABLE();
 108:Core/Src/can.c **** 
 109:Core/Src/can.c ****     /**CAN GPIO Configuration
 110:Core/Src/can.c ****     PA11     ------> CAN_RX
 111:Core/Src/can.c ****     PA12     ------> CAN_TX
 112:Core/Src/can.c ****     */
 113:Core/Src/can.c ****     HAL_GPIO_DeInit(GPIOA, GPIO_PIN_11|GPIO_PIN_12);
ARM GAS  /var/folders/8x/_y6g3dfs0698dfd49y4vcg_w0000gn/T//ccJ2r9GC.s 			page 8


 114:Core/Src/can.c **** 
 115:Core/Src/can.c ****     /* CAN1 interrupt Deinit */
 116:Core/Src/can.c ****     HAL_NVIC_DisableIRQ(USB_LP_CAN1_RX0_IRQn);
 117:Core/Src/can.c ****   /* USER CODE BEGIN CAN1_MspDeInit 1 */
 118:Core/Src/can.c **** 
 119:Core/Src/can.c ****   /* USER CODE END CAN1_MspDeInit 1 */
 120:Core/Src/can.c ****   }
 121:Core/Src/can.c **** }
 264              		.loc 1 121 1 view .LVU72
 265 000a 08BD     		pop	{r3, pc}
 266              	.LVL12:
 267              	.L16:
 107:Core/Src/can.c **** 
 268              		.loc 1 107 5 is_stmt 1 view .LVU73
 269 000c 074A     		ldr	r2, .L17+4
 270 000e D369     		ldr	r3, [r2, #28]
 271 0010 23F00073 		bic	r3, r3, #33554432
 272 0014 D361     		str	r3, [r2, #28]
 113:Core/Src/can.c **** 
 273              		.loc 1 113 5 view .LVU74
 274 0016 4FF4C051 		mov	r1, #6144
 275 001a 0548     		ldr	r0, .L17+8
 276              	.LVL13:
 113:Core/Src/can.c **** 
 277              		.loc 1 113 5 is_stmt 0 view .LVU75
 278 001c FFF7FEFF 		bl	HAL_GPIO_DeInit
 279              	.LVL14:
 116:Core/Src/can.c ****   /* USER CODE BEGIN CAN1_MspDeInit 1 */
 280              		.loc 1 116 5 is_stmt 1 view .LVU76
 281 0020 1420     		movs	r0, #20
 282 0022 FFF7FEFF 		bl	HAL_NVIC_DisableIRQ
 283              	.LVL15:
 284              		.loc 1 121 1 is_stmt 0 view .LVU77
 285 0026 F0E7     		b	.L13
 286              	.L18:
 287              		.align	2
 288              	.L17:
 289 0028 00640040 		.word	1073767424
 290 002c 00100240 		.word	1073876992
 291 0030 00080140 		.word	1073809408
 292              		.cfi_endproc
 293              	.LFE67:
 295              		.global	hcan
 296              		.section	.bss.hcan,"aw",%nobits
 297              		.align	2
 300              	hcan:
 301 0000 00000000 		.space	40
 301      00000000 
 301      00000000 
 301      00000000 
 301      00000000 
 302              		.text
 303              	.Letext0:
 304              		.file 2 "Drivers/CMSIS/Device/ST/STM32F1xx/Include/stm32f103xb.h"
 305              		.file 3 "/Applications/ArmGNUToolchain/13.3.rel1/arm-none-eabi/arm-none-eabi/include/machine/_defa
 306              		.file 4 "/Applications/ArmGNUToolchain/13.3.rel1/arm-none-eabi/arm-none-eabi/include/sys/_stdint.h
 307              		.file 5 "Drivers/CMSIS/Device/ST/STM32F1xx/Include/stm32f1xx.h"
ARM GAS  /var/folders/8x/_y6g3dfs0698dfd49y4vcg_w0000gn/T//ccJ2r9GC.s 			page 9


 308              		.file 6 "Drivers/STM32F1xx_HAL_Driver/Inc/stm32f1xx_hal_def.h"
 309              		.file 7 "Drivers/STM32F1xx_HAL_Driver/Inc/stm32f1xx_hal_gpio.h"
 310              		.file 8 "Drivers/STM32F1xx_HAL_Driver/Inc/stm32f1xx_hal_can.h"
 311              		.file 9 "Drivers/STM32F1xx_HAL_Driver/Inc/stm32f1xx_hal_cortex.h"
 312              		.file 10 "Core/Inc/can.h"
 313              		.file 11 "Core/Inc/main.h"
ARM GAS  /var/folders/8x/_y6g3dfs0698dfd49y4vcg_w0000gn/T//ccJ2r9GC.s 			page 10


DEFINED SYMBOLS
                            *ABS*:00000000 can.c
/var/folders/8x/_y6g3dfs0698dfd49y4vcg_w0000gn/T//ccJ2r9GC.s:19     .text.MX_CAN_Init:00000000 $t
/var/folders/8x/_y6g3dfs0698dfd49y4vcg_w0000gn/T//ccJ2r9GC.s:25     .text.MX_CAN_Init:00000000 MX_CAN_Init
/var/folders/8x/_y6g3dfs0698dfd49y4vcg_w0000gn/T//ccJ2r9GC.s:98     .text.MX_CAN_Init:00000040 $d
/var/folders/8x/_y6g3dfs0698dfd49y4vcg_w0000gn/T//ccJ2r9GC.s:300    .bss.hcan:00000000 hcan
/var/folders/8x/_y6g3dfs0698dfd49y4vcg_w0000gn/T//ccJ2r9GC.s:104    .text.HAL_CAN_MspInit:00000000 $t
/var/folders/8x/_y6g3dfs0698dfd49y4vcg_w0000gn/T//ccJ2r9GC.s:110    .text.HAL_CAN_MspInit:00000000 HAL_CAN_MspInit
/var/folders/8x/_y6g3dfs0698dfd49y4vcg_w0000gn/T//ccJ2r9GC.s:230    .text.HAL_CAN_MspInit:0000007c $d
/var/folders/8x/_y6g3dfs0698dfd49y4vcg_w0000gn/T//ccJ2r9GC.s:236    .text.HAL_CAN_MspDeInit:00000000 $t
/var/folders/8x/_y6g3dfs0698dfd49y4vcg_w0000gn/T//ccJ2r9GC.s:242    .text.HAL_CAN_MspDeInit:00000000 HAL_CAN_MspDeInit
/var/folders/8x/_y6g3dfs0698dfd49y4vcg_w0000gn/T//ccJ2r9GC.s:289    .text.HAL_CAN_MspDeInit:00000028 $d
/var/folders/8x/_y6g3dfs0698dfd49y4vcg_w0000gn/T//ccJ2r9GC.s:297    .bss.hcan:00000000 $d

UNDEFINED SYMBOLS
HAL_CAN_Init
Error_Handler
HAL_GPIO_Init
HAL_NVIC_SetPriority
HAL_NVIC_EnableIRQ
HAL_GPIO_DeInit
HAL_NVIC_DisableIRQ
